#
# A fatal error has been detected by the Java Runtime Environment:
#
#  SIGSEGV (0xb) at pc=0x00007fff8adb8041, pid=2346, tid=45575
#
# JRE version: 7.0_17-b02
# Java VM: Java HotSpot(TM) 64-Bit Server VM (23.7-b01 mixed mode bsd-amd64 compressed oops)
# Problematic frame:
# C  [libGLImage.dylib+0x26041]  storeColor+0x5d1
#
# Failed to write core dump. Core dumps have been disabled. To enable core dumping, try "ulimit -c unlimited" before starting Java again
#
# If you would like to submit a bug report, please visit:
#   http://bugreport.sun.com/bugreport/crash.jsp
# The crash happened outside the Java Virtual Machine in native code.
# See problematic frame for where to report the bug.
#

---------------  T H R E A D  ---------------

Current thread (0x00007f845602d800):  JavaThread "Java2D Queue Flusher" daemon [_thread_in_native, id=45575, stack(0x0000000116801000,0x0000000116901000)]

siginfo:si_signo=SIGSEGV: si_errno=0, si_code=1 (SEGV_MAPERR), si_addr=0x0000000118a2f000

Registers:
RAX=0x000000003e149495, RBX=0x00007fff8adb7af3, RCX=0x0000000118a2f000, RDX=0x0000000118a2f004
RSP=0x00000001168ff530, RBP=0x00000001168ff540, RSI=0x00007fff8adb8028, RDI=0x000000003e60e0e2
R8 =0x00000001168ff9e8, R9 =0x000000003e20a0a1, R10=0x000000003f800000, R11=0x0000000000000004
R12=0x000000000000000a, R13=0x00000001168ff9e8, R14=0x00007fff8adb8470, R15=0x0000000000000004
RIP=0x00007fff8adb8041, EFLAGS=0x0000000000010246, ERR=0x0000000000000006
  TRAPNO=0x000000000000000e

Top of Stack: (sp=0x00000001168ff530)
0x00000001168ff530:   0000000000000003 0000000000000064
0x00000001168ff540:   00000001168ffb50 00007fff8adc8e7c
0x00000001168ff550:   000000013e149495 000000013e60e0e2
0x00000001168ff560:   000000013f800000 0000000100000004
0x00000001168ff570:   0000000000000001 0000000100000001
0x00000001168ff580:   0000000100000000 0000000000000000
0x00000001168ff590:   0000000000000000 0000000100000000
0x00000001168ff5a0:   00007f8400000000 0000000100000058
0x00000001168ff5b0:   00000001168ffa00 00000001168ff940
0x00000001168ff5c0:   f000a54065cc5674 00000001168ff658
0x00000001168ff5d0:   0000000000000000 0000000000000000
0x00000001168ff5e0:   00000001168ff6f8 00000001168ff6c0
0x00000001168ff5f0:   00000001168ff690 00007fff8a18926a
0x00000001168ff600:   0000000000000000 0000000000000000
0x00000001168ff610:   00000001168ff6c0 00000001168ff664
0x00000001168ff620:   0000000000000000 00007fff729c48e8
0x00000001168ff630:   0000000000000000 00000001168ff658
0x00000001168ff640:   00007fff72a9ecf0 000000008a4f8243
0x00000001168ff650:   0000000000000000 0000000000000000
0x00000001168ff660:   00000028168ffcf8 00007f8454e050a8
0x00000001168ff670:   00000001168ffcf8 00007f8454e05298
0x00000001168ff680:   00007f84537e4520 00007f84537e4668
0x00000001168ff690:   0000000000000000 000000008266985b
0x00000001168ff6a0:   0000000000000000 0000000000000000
0x00000001168ff6b0:   00000001168ff730 00007fff826698cd
0x00000001168ff6c0:   0000000000000000 0000000000000000
0x00000001168ff6d0:   0000000116d046c0 00000001148fc7c0
0x00000001168ff6e0:   0000000000000000 00007fff8a50ad43
0x00000001168ff6f0:   00007f84537e4668 00007f84537e4548
0x00000001168ff700:   00007f8455085a00 00007f84537e4520
0x00000001168ff710:   00000001168ff730 00007fff82669aac
0x00000001168ff720:   00007f84537e4668 00007f84537e4520 

Instructions: (pc=0x00007fff8adb8041)
0x00007fff8adb8021:   89 08 e9 7e 03 00 00 f6 c2 02 74 0a 41 0f ca 0f
0x00007fff8adb8031:   cf 0f c8 41 0f c9 49 8b 08 48 8d 51 04 49 89 10
0x00007fff8adb8041:   44 89 09 49 8b 08 48 8d 51 04 49 89 10 89 01 49
0x00007fff8adb8051:   8b 00 48 8d 48 04 49 89 08 89 38 e9 fa 03 00 00 

Register to memory mapping:

RAX=0x000000003e149495 is an unknown value
RBX=0x00007fff8adb7af3: storeColor+0x83 in /System/Library/Frameworks/OpenGL.framework/Versions/A/Libraries/libGLImage.dylib at 0x00007fff8ad92000
RCX=0x0000000118a2f000 is an unknown value
RDX=0x0000000118a2f004 is an unknown value
RSP=0x00000001168ff530 is pointing into the stack for thread: 0x00007f845602d800
RBP=0x00000001168ff540 is pointing into the stack for thread: 0x00007f845602d800
RSI=0x00007fff8adb8028: storeColor+0x5b8 in /System/Library/Frameworks/OpenGL.framework/Versions/A/Libraries/libGLImage.dylib at 0x00007fff8ad92000
RDI=0x000000003e60e0e2 is an unknown value
R8 =0x00000001168ff9e8 is pointing into the stack for thread: 0x00007f845602d800
R9 =0x000000003e20a0a1 is an unknown value
R10=0x000000003f800000 is an unknown value
R11=0x0000000000000004 is an unknown value
R12=0x000000000000000a is an unknown value
R13=0x00000001168ff9e8 is pointing into the stack for thread: 0x00007f845602d800
R14=0x00007fff8adb8470: storeColor+0xa00 in /System/Library/Frameworks/OpenGL.framework/Versions/A/Libraries/libGLImage.dylib at 0x00007fff8ad92000
R15=0x0000000000000004 is an unknown value


Stack: [0x0000000116801000,0x0000000116901000],  sp=0x00000001168ff530,  free space=1017k
Native frames: (J=compiled Java code, j=interpreted, Vv=VM code, C=native code)
C  [libGLImage.dylib+0x26041]  storeColor+0x5d1
C  [libGLImage.dylib+0x36e7c]  glgProcessColor+0x4fec
C  [libGLImage.dylib+0x9104]  __glgProcessPixelsWithProcessor_block_invoke+0x6c
C  [libdispatch.dylib+0xd344]  _dispatch_client_callout2+0x8
C  [libdispatch.dylib+0xd873]  _dispatch_apply_serial+0x2a
C  [libdispatch.dylib+0x1c13]  _dispatch_client_callout+0x8
C  [libdispatch.dylib+0xc9a1]  _dispatch_sync_f_invoke+0x27
C  [libdispatch.dylib+0xcf60]  dispatch_apply_f+0x122
C  [libGLImage.dylib+0x8ece]  glgProcessPixelsWithProcessor+0x1ad5
C  [AMDRadeonX3000GLDriver+0x1f3f1d]  gldPresentFramebufferData+0x2227f
C  [AMDRadeonX3000GLDriver+0x228c00]  gldBlitFramebufferData+0x1dff0
C  [GLEngine+0x235f4]  gleDrawPixelsFast+0x2bd0
C  [GLEngine+0x209d6]  glDrawPixels_Exec+0x1f7
C  [liblwawt.dylib+0x2fa7]  OGLBlitLoops_Blit+0x6c2
C  [liblwawt.dylib+0x77f9]  Java_sun_java2d_opengl_OGLRenderQueue_flushBuffer+0x3d1
j  sun.java2d.opengl.OGLRenderQueue.flushBuffer(JI)V+0
j  sun.java2d.opengl.OGLRenderQueue.flushBuffer()V+21
j  sun.java2d.opengl.OGLRenderQueue.access$100(Lsun/java2d/opengl/OGLRenderQueue;)V+1
j  sun.java2d.opengl.OGLRenderQueue$QueueFlusher.run()V+81
v  ~StubRoutines::call_stub
V  [libjvm.dylib+0x28852f]
V  [libjvm.dylib+0x288a0c]
V  [libjvm.dylib+0x288b46]
V  [libjvm.dylib+0x2bf4c0]
V  [libjvm.dylib+0x478294]
V  [libjvm.dylib+0x47977a]
V  [libjvm.dylib+0x3b5191]
C  [libsystem_pthread.dylib+0x32fc]  _pthread_body+0x83
C  [libsystem_pthread.dylib+0x3279]  _pthread_body+0x0
C  [libsystem_pthread.dylib+0x14b1]  thread_start+0xd

Java frames: (J=compiled Java code, j=interpreted, Vv=VM code)
j  sun.java2d.opengl.OGLRenderQueue.flushBuffer(JI)V+0
j  sun.java2d.opengl.OGLRenderQueue.flushBuffer()V+21
j  sun.java2d.opengl.OGLRenderQueue.access$100(Lsun/java2d/opengl/OGLRenderQueue;)V+1
j  sun.java2d.opengl.OGLRenderQueue$QueueFlusher.run()V+81
v  ~StubRoutines::call_stub

---------------  P R O C E S S  ---------------

Java Threads: ( => current thread )
  0x00007f84550f3800 JavaThread "Image Fetcher 0" daemon [_thread_blocked, id=56631, stack(0x00000001187ee000,0x00000001188ee000)]
  0x00007f84540d5000 JavaThread "DestroyJavaVM" [_thread_blocked, id=4355, stack(0x000000010b67d000,0x000000010b77d000)]
  0x00007f84550b9000 JavaThread "AWT-EventQueue-0" [_thread_blocked, id=48391, stack(0x000000011751b000,0x000000011761b000)]
  0x00007f8453920000 JavaThread "Java2D Disposer" daemon [_thread_blocked, id=47371, stack(0x0000000116d5f000,0x0000000116e5f000)]
=>0x00007f845602d800 JavaThread "Java2D Queue Flusher" daemon [_thread_in_native, id=45575, stack(0x0000000116801000,0x0000000116901000)]
  0x00007f8454042800 JavaThread "AWT-Shutdown" [_thread_blocked, id=15367, stack(0x000000011299e000,0x0000000112a9e000)]
  0x00007f845403f800 JavaThread "AppKit Thread" daemon [_thread_in_native, id=1811, stack(0x00007fff54616000,0x00007fff54696000)]
  0x00007f8456001800 JavaThread "Service Thread" daemon [_thread_blocked, id=13827, stack(0x0000000112514000,0x0000000112614000)]
  0x00007f8456001000 JavaThread "C2 CompilerThread1" daemon [_thread_blocked, id=13571, stack(0x0000000112411000,0x0000000112511000)]
  0x00007f8456000000 JavaThread "C2 CompilerThread0" daemon [_thread_blocked, id=13323, stack(0x000000011230e000,0x000000011240e000)]
  0x00007f8453877800 JavaThread "Signal Dispatcher" daemon [_thread_blocked, id=9739, stack(0x000000011220b000,0x000000011230b000)]
  0x00007f845385e000 JavaThread "Finalizer" daemon [_thread_blocked, id=8707, stack(0x00000001108c5000,0x00000001109c5000)]
  0x00007f845385d800 JavaThread "Reference Handler" daemon [_thread_blocked, id=8451, stack(0x00000001107c2000,0x00000001108c2000)]

Other Threads:
  0x00007f8454005800 VMThread [stack: 0x00000001106bf000,0x00000001107bf000] [id=8195]
  0x00007f845600b800 WatcherThread [stack: 0x0000000112617000,0x0000000112717000] [id=14083]

VM state:not at safepoint (normal execution)

VM Mutex/Monitor currently owned by a thread: None

Heap
 def new generation   total 3968K, used 2633K [0x00000007ee000000, 0x00000007ee440000, 0x00000007f24a0000)
  eden space 3584K,  62% used [0x00000007ee000000, 0x00000007ee232788, 0x00000007ee380000)
  from space 384K, 100% used [0x00000007ee380000, 0x00000007ee3e0000, 0x00000007ee3e0000)
  to   space 384K,   0% used [0x00000007ee3e0000, 0x00000007ee3e0000, 0x00000007ee440000)
 tenured generation   total 8768K, used 2519K [0x00000007f24a0000, 0x00000007f2d30000, 0x00000007fae00000)
   the space 8768K,  28% used [0x00000007f24a0000, 0x00000007f2715df8, 0x00000007f2715e00, 0x00000007f2d30000)
 compacting perm gen  total 21248K, used 11940K [0x00000007fae00000, 0x00000007fc2c0000, 0x0000000800000000)
   the space 21248K,  56% used [0x00000007fae00000, 0x00000007fb9a9050, 0x00000007fb9a9200, 0x00000007fc2c0000)
No shared spaces configured.

Card table byte_map: [0x0000000110367000,0x00000001103f8000] byte_map_base: 0x000000010c3f7000

Polling page: 0x000000010b7bc000

Code Cache  [0x000000010d2a7000, 0x000000010d517000, 0x00000001102a7000)
 total_blobs=492 nmethods=44 adapters=400 free_code_cache=48552Kb largest_free_block=49700928

Compilation events (10 events):
Event: 2.246 Thread 0x00007f8456000000   39             java.lang.Object::equals (11 bytes)
Event: 2.246 Thread 0x00007f8456000000 nmethod 39 0x000000010d335c10 code [0x000000010d335d40, 0x000000010d335db8]
Event: 2.248 Thread 0x00007f8456001000   40             java.awt.Component::getParent (5 bytes)
Event: 2.248 Thread 0x00007f8456000000   41             java.awt.Component::getParent_NoClientCode (5 bytes)
Event: 2.248 Thread 0x00007f8456000000 nmethod 41 0x000000010d33b4d0 code [0x000000010d33b600, 0x000000010d33b678]
Event: 2.249 Thread 0x00007f8456001000 nmethod 40 0x000000010d335a10 code [0x000000010d335b40, 0x000000010d335bb8]
Event: 2.249 Thread 0x00007f8456000000   42             java.awt.Component::getPeer (5 bytes)
Event: 2.249 Thread 0x00007f8456000000 nmethod 42 0x000000010d335810 code [0x000000010d335940, 0x000000010d3359b8]
Event: 2.253 Thread 0x00007f8456001000   43             java.awt.Component::checkTreeLock (21 bytes)
Event: 2.254 Thread 0x00007f8456001000 nmethod 43 0x000000010d33d8d0 code [0x000000010d33da20, 0x000000010d33dac8]

GC Heap History (4 events):
Event: 1.929 GC heap before
{Heap before GC invocations=0 (full 0):
 def new generation   total 3968K, used 3584K [0x00000007ee000000, 0x00000007ee440000, 0x00000007f24a0000)
  eden space 3584K, 100% used [0x00000007ee000000, 0x00000007ee380000, 0x00000007ee380000)
  from space 384K,   0% used [0x00000007ee380000, 0x00000007ee380000, 0x00000007ee3e0000)
  to   space 384K,   0% used [0x00000007ee3e0000, 0x00000007ee3e0000, 0x00000007ee440000)
 tenured generation   total 8768K, used 0K [0x00000007f24a0000, 0x00000007f2d30000, 0x00000007fae00000)
   the space 8768K,   0% used [0x00000007f24a0000, 0x00000007f24a0000, 0x00000007f24a0200, 0x00000007f2d30000)
 compacting perm gen  total 21248K, used 7919K [0x00000007fae00000, 0x00000007fc2c0000, 0x0000000800000000)
   the space 21248K,  37% used [0x00000007fae00000, 0x00000007fb5bbd68, 0x00000007fb5bbe00, 0x00000007fc2c0000)
No shared spaces configured.
Event: 1.937 GC heap after
Heap after GC invocations=1 (full 0):
 def new generation   total 3968K, used 384K [0x00000007ee000000, 0x00000007ee440000, 0x00000007f24a0000)
  eden space 3584K,   0% used [0x00000007ee000000, 0x00000007ee000000, 0x00000007ee380000)
  from space 384K, 100% used [0x00000007ee3e0000, 0x00000007ee440000, 0x00000007ee440000)
  to   space 384K,   0% used [0x00000007ee380000, 0x00000007ee380000, 0x00000007ee3e0000)
 tenured generation   total 8768K, used 1138K [0x00000007f24a0000, 0x00000007f2d30000, 0x00000007fae00000)
   the space 8768K,  12% used [0x00000007f24a0000, 0x00000007f25bcb90, 0x00000007f25bcc00, 0x00000007f2d30000)
 compacting perm gen  total 21248K, used 7919K [0x00000007fae00000, 0x00000007fc2c0000, 0x0000000800000000)
   the space 21248K,  37% used [0x00000007fae00000, 0x00000007fb5bbd68, 0x00000007fb5bbe00, 0x00000007fc2c0000)
No shared spaces configured.
}
Event: 2.210 GC heap before
{Heap before GC invocations=1 (full 0):
 def new generation   total 3968K, used 3373K [0x00000007ee000000, 0x00000007ee440000, 0x00000007f24a0000)
  eden space 3584K,  83% used [0x00000007ee000000, 0x00000007ee2eb7f0, 0x00000007ee380000)
  from space 384K, 100% used [0x00000007ee3e0000, 0x00000007ee440000, 0x00000007ee440000)
  to   space 384K,   0% used [0x00000007ee380000, 0x00000007ee380000, 0x00000007ee3e0000)
 tenured generation   total 8768K, used 1138K [0x00000007f24a0000, 0x00000007f2d30000, 0x00000007fae00000)
   the space 8768K,  12% used [0x00000007f24a0000, 0x00000007f25bcb90, 0x00000007f25bcc00, 0x00000007f2d30000)
 compacting perm gen  total 21248K, used 11527K [0x00000007fae00000, 0x00000007fc2c0000, 0x0000000800000000)
   the space 21248K,  54% used [0x00000007fae00000, 0x00000007fb941f08, 0x00000007fb942000, 0x00000007fc2c0000)
No shared spaces configured.
Event: 2.220 GC heap after
Heap after GC invocations=2 (full 0):
 def new generation   total 3968K, used 384K [0x00000007ee000000, 0x00000007ee440000, 0x00000007f24a0000)
  eden space 3584K,   0% used [0x00000007ee000000, 0x00000007ee000000, 0x00000007ee380000)
  from space 384K, 100% used [0x00000007ee380000, 0x00000007ee3e0000, 0x00000007ee3e0000)
  to   space 384K,   0% used [0x00000007ee3e0000, 0x00000007ee3e0000, 0x00000007ee440000)
 tenured generation   total 8768K, used 2519K [0x00000007f24a0000, 0x00000007f2d30000, 0x00000007fae00000)
   the space 8768K,  28% used [0x00000007f24a0000, 0x00000007f2715df8, 0x00000007f2715e00, 0x00000007f2d30000)
 compacting perm gen  total 21248K, used 11527K [0x00000007fae00000, 0x00000007fc2c0000, 0x0000000800000000)
   the space 21248K,  54% used [0x00000007fae00000, 0x00000007fb941f08, 0x00000007fb942000, 0x00000007fc2c0000)
No shared spaces configured.
}

Deoptimization events (1 events):
Event: 2.297 Thread 0x00007f84550b9000 Uncommon trap 51 fr.pc 0x000000010d321400

Internal exceptions (10 events):
Event: 2.123 Thread 0x00007f845380c000 Threw 0x00000007ee249068 at /HUDSON/workspace/jdk7u17-2-build-macosx-amd64-product/jdk7u17/hotspot/src/share/vm/prims/jvm.cpp:1166
Event: 2.125 Thread 0x00007f845380c000 Threw 0x00000007ee250928 at /HUDSON/workspace/jdk7u17-2-build-macosx-amd64-product/jdk7u17/hotspot/src/share/vm/prims/jvm.cpp:1166
Event: 2.127 Thread 0x00007f845380c000 Threw 0x00000007ee258280 at /HUDSON/workspace/jdk7u17-2-build-macosx-amd64-product/jdk7u17/hotspot/src/share/vm/prims/jvm.cpp:1166
Event: 2.127 Thread 0x00007f845380c000 Threw 0x00000007ee25aea8 at /HUDSON/workspace/jdk7u17-2-build-macosx-amd64-product/jdk7u17/hotspot/src/share/vm/prims/jvm.cpp:1166
Event: 2.159 Thread 0x00007f845380c000 Threw 0x00000007ee2b6ea8 at /HUDSON/workspace/jdk7u17-2-build-macosx-amd64-product/jdk7u17/hotspot/src/share/vm/prims/jvm.cpp:1166
Event: 2.160 Thread 0x00007f845380c000 Threw 0x00000007ee2bbd60 at /HUDSON/workspace/jdk7u17-2-build-macosx-amd64-product/jdk7u17/hotspot/src/share/vm/prims/jvm.cpp:1166
Event: 2.160 Thread 0x00007f845380c000 Threw 0x00000007ee2bf938 at /HUDSON/workspace/jdk7u17-2-build-macosx-amd64-product/jdk7u17/hotspot/src/share/vm/prims/jvm.cpp:1166
Event: 2.161 Thread 0x00007f845380c000 Threw 0x00000007ee2c37f0 at /HUDSON/workspace/jdk7u17-2-build-macosx-amd64-product/jdk7u17/hotspot/src/share/vm/prims/jvm.cpp:1166
Event: 2.161 Thread 0x00007f845380c000 Threw 0x00000007ee2c6280 at /HUDSON/workspace/jdk7u17-2-build-macosx-amd64-product/jdk7u17/hotspot/src/share/vm/prims/jvm.cpp:1166
Event: 2.161 Thread 0x00007f845380c000 Threw 0x00000007ee2c8de0 at /HUDSON/workspace/jdk7u17-2-build-macosx-amd64-product/jdk7u17/hotspot/src/share/vm/prims/jvm.cpp:1166

Events (10 events):
Event: 2.300 loading class 0x00007f84536a1880 done
Event: 2.300 loading class 0x00007f845910b110
Event: 2.300 loading class 0x00007f845910b110 done
Event: 2.300 loading class 0x00007f845910a460
Event: 2.300 loading class 0x00007f845910a460 done
Event: 2.300 Thread 0x00007f84550f3800 Thread added: 0x00007f84550f3800
Event: 2.300 loading class 0x00007f84536a1580
Event: 2.300 loading class 0x00007f84536a1670
Event: 2.300 loading class 0x00007f84536a1670 done
Event: 2.300 loading class 0x00007f84536a1580 done


Dynamic libraries:
0x0000000001289000 	/System/Library/Frameworks/Cocoa.framework/Versions/A/Cocoa
0x0000000001289000 	/System/Library/Frameworks/Security.framework/Versions/A/Security
0x0000000001289000 	/System/Library/Frameworks/ApplicationServices.framework/Versions/A/ApplicationServices
0x0000000001289000 	/usr/lib/libz.1.dylib
0x0000000001289000 	/usr/lib/libSystem.B.dylib
0x0000000001289000 	/usr/lib/libobjc.A.dylib
0x0000000001289000 	/System/Library/Frameworks/CoreFoundation.framework/Versions/A/CoreFoundation
0x0000000001289000 	/System/Library/Frameworks/AppKit.framework/Versions/C/AppKit
0x0000000001289000 	/System/Library/Frameworks/CoreData.framework/Versions/A/CoreData
0x0000000001289000 	/System/Library/Frameworks/Foundation.framework/Versions/C/Foundation
0x0000000001289000 	/System/Library/PrivateFrameworks/RemoteViewServices.framework/Versions/A/RemoteViewServices
0x0000000001289000 	/System/Library/PrivateFrameworks/UIFoundation.framework/Versions/A/UIFoundation
0x0000000001289000 	/System/Library/Frameworks/IOSurface.framework/Versions/A/IOSurface
0x0000000001289000 	/System/Library/Frameworks/AudioToolbox.framework/Versions/A/AudioToolbox
0x0000000001289000 	/System/Library/Frameworks/AudioUnit.framework/Versions/A/AudioUnit
0x0000000001289000 	/System/Library/PrivateFrameworks/DataDetectorsCore.framework/Versions/A/DataDetectorsCore
0x0000000001289000 	/System/Library/PrivateFrameworks/DesktopServicesPriv.framework/Versions/A/DesktopServicesPriv
0x0000000001289000 	/System/Library/Frameworks/Carbon.framework/Versions/A/Frameworks/HIToolbox.framework/Versions/A/HIToolbox
0x0000000001289000 	/System/Library/Frameworks/QuartzCore.framework/Versions/A/QuartzCore
0x0000000001289000 	/System/Library/Frameworks/Carbon.framework/Versions/A/Frameworks/SpeechRecognition.framework/Versions/A/SpeechRecognition
0x0000000001289000 	/usr/lib/libauto.dylib
0x0000000001289000 	/usr/lib/libicucore.A.dylib
0x0000000001289000 	/usr/lib/libxml2.2.dylib
0x0000000001289000 	/System/Library/PrivateFrameworks/CoreUI.framework/Versions/A/CoreUI
0x0000000001289000 	/System/Library/Frameworks/CoreAudio.framework/Versions/A/CoreAudio
0x0000000001289000 	/System/Library/Frameworks/DiskArbitration.framework/Versions/A/DiskArbitration
0x0000000001289000 	/usr/lib/liblangid.dylib
0x0000000001289000 	/System/Library/PrivateFrameworks/MultitouchSupport.framework/Versions/A/MultitouchSupport
0x0000000001289000 	/System/Library/Frameworks/IOKit.framework/Versions/A/IOKit
0x0000000001289000 	/usr/lib/libDiagnosticMessagesClient.dylib
0x0000000001289000 	/System/Library/Frameworks/CoreServices.framework/Versions/A/CoreServices
0x0000000001289000 	/System/Library/PrivateFrameworks/PerformanceAnalysis.framework/Versions/A/PerformanceAnalysis
0x0000000001289000 	/System/Library/PrivateFrameworks/GenerationalStorage.framework/Versions/A/GenerationalStorage
0x0000000001289000 	/System/Library/Frameworks/OpenGL.framework/Versions/A/OpenGL
0x0000000001289000 	/System/Library/PrivateFrameworks/Sharing.framework/Versions/A/Sharing
0x0000000001289000 	/System/Library/Frameworks/CoreGraphics.framework/Versions/A/CoreGraphics
0x0000000001289000 	/System/Library/Frameworks/CoreText.framework/Versions/A/CoreText
0x0000000001289000 	/System/Library/Frameworks/ImageIO.framework/Versions/A/ImageIO
0x0000000001289000 	/usr/lib/libextension.dylib
0x0000000001289000 	/System/Library/PrivateFrameworks/Backup.framework/Versions/A/Backup
0x0000000001289000 	/usr/lib/libarchive.2.dylib
0x0000000001289000 	/System/Library/Frameworks/CFNetwork.framework/Versions/A/CFNetwork
0x0000000001289000 	/System/Library/Frameworks/SystemConfiguration.framework/Versions/A/SystemConfiguration
0x0000000001289000 	/usr/lib/libCRFSuite.dylib
0x0000000001289000 	/usr/lib/libc++.1.dylib
0x0000000001289000 	/usr/lib/libc++abi.dylib
0x0000000001289000 	/usr/lib/system/libcache.dylib
0x0000000001289000 	/usr/lib/system/libcommonCrypto.dylib
0x0000000001289000 	/usr/lib/system/libcompiler_rt.dylib
0x0000000001289000 	/usr/lib/system/libcopyfile.dylib
0x0000000001289000 	/usr/lib/system/libcorecrypto.dylib
0x0000000001289000 	/usr/lib/system/libdispatch.dylib
0x0000000001289000 	/usr/lib/system/libdyld.dylib
0x0000000001289000 	/usr/lib/system/libkeymgr.dylib
0x0000000001289000 	/usr/lib/system/liblaunch.dylib
0x0000000001289000 	/usr/lib/system/libmacho.dylib
0x0000000001289000 	/usr/lib/system/libquarantine.dylib
0x0000000001289000 	/usr/lib/system/libremovefile.dylib
0x0000000001289000 	/usr/lib/system/libsystem_asl.dylib
0x0000000001289000 	/usr/lib/system/libsystem_blocks.dylib
0x0000000001289000 	/usr/lib/system/libsystem_c.dylib
0x0000000001289000 	/usr/lib/system/libsystem_configuration.dylib
0x0000000001289000 	/usr/lib/system/libsystem_coreservices.dylib
0x0000000001289000 	/usr/lib/system/libsystem_coretls.dylib
0x0000000001289000 	/usr/lib/system/libsystem_dnssd.dylib
0x0000000001289000 	/usr/lib/system/libsystem_info.dylib
0x0000000001289000 	/usr/lib/system/libsystem_kernel.dylib
0x0000000001289000 	/usr/lib/system/libsystem_m.dylib
0x0000000001289000 	/usr/lib/system/libsystem_malloc.dylib
0x0000000001289000 	/usr/lib/system/libsystem_network.dylib
0x0000000001289000 	/usr/lib/system/libsystem_networkextension.dylib
0x0000000001289000 	/usr/lib/system/libsystem_notify.dylib
0x0000000001289000 	/usr/lib/system/libsystem_platform.dylib
0x0000000001289000 	/usr/lib/system/libsystem_pthread.dylib
0x0000000001289000 	/usr/lib/system/libsystem_sandbox.dylib
0x0000000001289000 	/usr/lib/system/libsystem_secinit.dylib
0x0000000001289000 	/usr/lib/system/libsystem_stats.dylib
0x0000000001289000 	/usr/lib/system/libsystem_trace.dylib
0x0000000001289000 	/usr/lib/system/libunc.dylib
0x0000000001289000 	/usr/lib/system/libunwind.dylib
0x0000000001289000 	/usr/lib/system/libxpc.dylib
0x0000000001289000 	/usr/lib/libbz2.1.0.dylib
0x0000000001289000 	/usr/lib/liblzma.5.dylib
0x0000000001289000 	/usr/lib/libbsm.0.dylib
0x0000000001289000 	/usr/lib/libsqlite3.dylib
0x0000000001289000 	/usr/lib/system/libkxld.dylib
0x0000000001289000 	/usr/lib/libxar.1.dylib
0x0000000001289000 	/usr/lib/libpam.2.dylib
0x0000000001289000 	/usr/lib/libOpenScriptingUtil.dylib
0x0000000001289000 	/System/Library/Frameworks/CoreServices.framework/Versions/A/Frameworks/FSEvents.framework/Versions/A/FSEvents
0x0000000001289000 	/System/Library/Frameworks/CoreServices.framework/Versions/A/Frameworks/CarbonCore.framework/Versions/A/CarbonCore
0x0000000001289000 	/System/Library/Frameworks/CoreServices.framework/Versions/A/Frameworks/Metadata.framework/Versions/A/Metadata
0x0000000001289000 	/System/Library/Frameworks/CoreServices.framework/Versions/A/Frameworks/OSServices.framework/Versions/A/OSServices
0x0000000001289000 	/System/Library/Frameworks/CoreServices.framework/Versions/A/Frameworks/SearchKit.framework/Versions/A/SearchKit
0x0000000001289000 	/System/Library/Frameworks/CoreServices.framework/Versions/A/Frameworks/AE.framework/Versions/A/AE
0x0000000001289000 	/System/Library/Frameworks/CoreServices.framework/Versions/A/Frameworks/LaunchServices.framework/Versions/A/LaunchServices
0x0000000001289000 	/System/Library/Frameworks/CoreServices.framework/Versions/A/Frameworks/DictionaryServices.framework/Versions/A/DictionaryServices
0x0000000001289000 	/System/Library/Frameworks/NetFS.framework/Versions/A/NetFS
0x0000000001289000 	/System/Library/PrivateFrameworks/NetAuth.framework/Versions/A/NetAuth
0x0000000001289000 	/System/Library/PrivateFrameworks/login.framework/Versions/A/Frameworks/loginsupport.framework/Versions/A/loginsupport
0x0000000001289000 	/System/Library/PrivateFrameworks/TCC.framework/Versions/A/TCC
0x0000000001289000 	/usr/lib/libmecabra.dylib
0x0000000001289000 	/System/Library/PrivateFrameworks/LanguageModeling.framework/Versions/A/LanguageModeling
0x0000000001289000 	/usr/lib/libcmph.dylib
0x0000000001289000 	/usr/lib/libiconv.2.dylib
0x0000000001289000 	/System/Library/Frameworks/OpenDirectory.framework/Versions/A/Frameworks/CFOpenDirectory.framework/Versions/A/CFOpenDirectory
0x0000000001289000 	/System/Library/Frameworks/ServiceManagement.framework/Versions/A/ServiceManagement
0x0000000001289000 	/usr/lib/libxslt.1.dylib
0x0000000001289000 	/System/Library/Frameworks/Carbon.framework/Versions/A/Frameworks/Ink.framework/Versions/A/Ink
0x0000000001289000 	/System/Library/Frameworks/ApplicationServices.framework/Versions/A/Frameworks/ATS.framework/Versions/A/ATS
0x0000000001289000 	/System/Library/Frameworks/ApplicationServices.framework/Versions/A/Frameworks/ColorSync.framework/Versions/A/ColorSync
0x0000000001289000 	/System/Library/Frameworks/ApplicationServices.framework/Versions/A/Frameworks/HIServices.framework/Versions/A/HIServices
0x0000000001289000 	/System/Library/Frameworks/ApplicationServices.framework/Versions/A/Frameworks/LangAnalysis.framework/Versions/A/LangAnalysis
0x0000000001289000 	/System/Library/Frameworks/ApplicationServices.framework/Versions/A/Frameworks/PrintCore.framework/Versions/A/PrintCore
0x0000000001289000 	/System/Library/Frameworks/ApplicationServices.framework/Versions/A/Frameworks/QD.framework/Versions/A/QD
0x0000000001289000 	/System/Library/Frameworks/ApplicationServices.framework/Versions/A/Frameworks/SpeechSynthesis.framework/Versions/A/SpeechSynthesis
0x0000000001289000 	/System/Library/Frameworks/Accelerate.framework/Versions/A/Accelerate
0x0000000001289000 	/System/Library/Frameworks/Accelerate.framework/Versions/A/Frameworks/vImage.framework/Versions/A/vImage
0x0000000001289000 	/System/Library/Frameworks/Accelerate.framework/Versions/A/Frameworks/vecLib.framework/Versions/A/vecLib
0x0000000001289000 	/System/Library/Frameworks/Accelerate.framework/Versions/A/Frameworks/vecLib.framework/Versions/A/libvDSP.dylib
0x0000000001289000 	/System/Library/Frameworks/Accelerate.framework/Versions/A/Frameworks/vecLib.framework/Versions/A/libvMisc.dylib
0x0000000001289000 	/System/Library/Frameworks/Accelerate.framework/Versions/A/Frameworks/vecLib.framework/Versions/A/libLAPACK.dylib
0x0000000001289000 	/System/Library/Frameworks/Accelerate.framework/Versions/A/Frameworks/vecLib.framework/Versions/A/libBLAS.dylib
0x0000000001289000 	/System/Library/Frameworks/Accelerate.framework/Versions/A/Frameworks/vecLib.framework/Versions/A/libLinearAlgebra.dylib
0x0000000001289000 	/System/Library/Frameworks/ApplicationServices.framework/Versions/A/Frameworks/ATS.framework/Versions/A/Resources/libFontParser.dylib
0x0000000001289000 	/System/Library/Frameworks/ApplicationServices.framework/Versions/A/Frameworks/ATS.framework/Versions/A/Resources/libFontRegistry.dylib
0x0000000001289000 	/System/Library/PrivateFrameworks/AppleVPA.framework/Versions/A/AppleVPA
0x0000000001289000 	/System/Library/PrivateFrameworks/AppleJPEG.framework/Versions/A/AppleJPEG
0x0000000001289000 	/System/Library/Frameworks/ImageIO.framework/Versions/A/Resources/libJPEG.dylib
0x0000000001289000 	/System/Library/Frameworks/ImageIO.framework/Versions/A/Resources/libTIFF.dylib
0x0000000001289000 	/System/Library/Frameworks/ImageIO.framework/Versions/A/Resources/libPng.dylib
0x0000000001289000 	/System/Library/Frameworks/ImageIO.framework/Versions/A/Resources/libGIF.dylib
0x0000000001289000 	/System/Library/Frameworks/ImageIO.framework/Versions/A/Resources/libJP2.dylib
0x0000000001289000 	/System/Library/Frameworks/ImageIO.framework/Versions/A/Resources/libRadiance.dylib
0x0000000001289000 	/System/Library/Frameworks/CoreVideo.framework/Versions/A/CoreVideo
0x0000000001289000 	/System/Library/Frameworks/OpenGL.framework/Versions/A/Libraries/libGLU.dylib
0x0000000001289000 	/System/Library/Frameworks/OpenGL.framework/Versions/A/Libraries/libGFXShared.dylib
0x0000000001289000 	/System/Library/Frameworks/OpenGL.framework/Versions/A/Libraries/libGL.dylib
0x0000000001289000 	/System/Library/Frameworks/OpenGL.framework/Versions/A/Libraries/libGLImage.dylib
0x0000000001289000 	/System/Library/Frameworks/OpenGL.framework/Versions/A/Libraries/libCVMSPluginSupport.dylib
0x0000000001289000 	/System/Library/Frameworks/OpenGL.framework/Versions/A/Libraries/libCoreVMClient.dylib
0x0000000001289000 	/usr/lib/libcups.2.dylib
0x0000000001289000 	/System/Library/Frameworks/Kerberos.framework/Versions/A/Kerberos
0x0000000001289000 	/System/Library/Frameworks/GSS.framework/Versions/A/GSS
0x0000000001289000 	/usr/lib/libresolv.9.dylib
0x0000000001289000 	/System/Library/PrivateFrameworks/Heimdal.framework/Versions/A/Heimdal
0x0000000001289000 	/usr/lib/libheimdal-asn1.dylib
0x0000000001289000 	/System/Library/Frameworks/OpenDirectory.framework/Versions/A/OpenDirectory
0x0000000001289000 	/System/Library/PrivateFrameworks/CommonAuth.framework/Versions/A/CommonAuth
0x0000000001289000 	/System/Library/Frameworks/SecurityFoundation.framework/Versions/A/SecurityFoundation
0x0000000001289000 	/System/Library/Frameworks/QuartzCore.framework/Versions/A/Frameworks/CoreImage.framework/Versions/A/CoreImage
0x0000000001289000 	/System/Library/PrivateFrameworks/CrashReporterSupport.framework/Versions/A/CrashReporterSupport
0x0000000001289000 	/System/Library/Frameworks/OpenCL.framework/Versions/A/OpenCL
0x0000000001289000 	/System/Library/PrivateFrameworks/FaceCore.framework/Versions/A/FaceCore
0x0000000001289000 	/System/Library/PrivateFrameworks/Ubiquity.framework/Versions/A/Ubiquity
0x0000000001289000 	/System/Library/PrivateFrameworks/IconServices.framework/Versions/A/IconServices
0x0000000001289000 	/System/Library/PrivateFrameworks/ChunkingLibrary.framework/Versions/A/ChunkingLibrary
0x0000000001289000 	/System/Library/PrivateFrameworks/Apple80211.framework/Versions/A/Apple80211
0x0000000001289000 	/System/Library/Frameworks/CoreWLAN.framework/Versions/A/CoreWLAN
0x0000000001289000 	/System/Library/Frameworks/IOBluetooth.framework/Versions/A/IOBluetooth
0x0000000001289000 	/System/Library/PrivateFrameworks/CoreWiFi.framework/Versions/A/CoreWiFi
0x0000000001289000 	/System/Library/Frameworks/CoreBluetooth.framework/Versions/A/CoreBluetooth
0x0000000001289000 	/System/Library/PrivateFrameworks/DebugSymbols.framework/Versions/A/DebugSymbols
0x0000000001289000 	/System/Library/PrivateFrameworks/CoreSymbolication.framework/Versions/A/CoreSymbolication
0x0000000001289000 	/System/Library/PrivateFrameworks/Symbolication.framework/Versions/A/Symbolication
0x0000000001289000 	/System/Library/PrivateFrameworks/SpeechRecognitionCore.framework/Versions/A/SpeechRecognitionCore
0x000000010c800000 	/Library/Java/JavaVirtualMachines/jdk1.7.0_17.jdk/Contents/Home/jre/lib/server/libjvm.dylib
0x0000000001289000 	/usr/lib/libstdc++.6.dylib
0x000000010b77f000 	/Library/Java/JavaVirtualMachines/jdk1.7.0_17.jdk/Contents/Home/jre/lib/libverify.dylib
0x000000010b78c000 	/Library/Java/JavaVirtualMachines/jdk1.7.0_17.jdk/Contents/Home/jre/lib/libjava.dylib
0x000000010b7c6000 	/Library/Java/JavaVirtualMachines/jdk1.7.0_17.jdk/Contents/Home/jre/lib/libzip.dylib
0x00000001109c7000 	/System/Library/Frameworks/JavaVM.framework/Frameworks/JavaRuntimeSupport.framework/JavaRuntimeSupport
0x00000001109df000 	/System/Library/Frameworks/JavaVM.framework/Versions/A/Frameworks/JavaNativeFoundation.framework/Versions/A/JavaNativeFoundation
0x00000001109f4000 	/System/Library/Frameworks/JavaVM.framework/Versions/A/JavaVM
0x0000000001289000 	/System/Library/Frameworks/Carbon.framework/Versions/A/Carbon
0x0000000110a01000 	/System/Library/PrivateFrameworks/JavaLaunching.framework/Versions/A/JavaLaunching
0x0000000001289000 	/System/Library/Frameworks/Carbon.framework/Versions/A/Frameworks/CommonPanels.framework/Versions/A/CommonPanels
0x0000000001289000 	/System/Library/Frameworks/Carbon.framework/Versions/A/Frameworks/Help.framework/Versions/A/Help
0x0000000001289000 	/System/Library/Frameworks/Carbon.framework/Versions/A/Frameworks/ImageCapture.framework/Versions/A/ImageCapture
0x0000000001289000 	/System/Library/Frameworks/Carbon.framework/Versions/A/Frameworks/OpenScripting.framework/Versions/A/OpenScripting
0x0000000001289000 	/System/Library/Frameworks/Carbon.framework/Versions/A/Frameworks/Print.framework/Versions/A/Print
0x0000000001289000 	/System/Library/Frameworks/Carbon.framework/Versions/A/Frameworks/SecurityHI.framework/Versions/A/SecurityHI
0x0000000112754000 	/Library/Java/JavaVirtualMachines/jdk1.7.0_17.jdk/Contents/Home/jre/lib/libawt.dylib
0x0000000112803000 	/Library/Java/JavaVirtualMachines/jdk1.7.0_17.jdk/Contents/Home/jre/lib/./libmlib_image.dylib
0x00000001128cf000 	/Library/Java/JavaVirtualMachines/jdk1.7.0_17.jdk/Contents/Home/jre/lib/lwawt/liblwawt.dylib
0x0000000112981000 	/Library/Java/JavaVirtualMachines/jdk1.7.0_17.jdk/Contents/Home/jre/lib/libosxapp.dylib
0x0000000001289000 	/System/Library/Frameworks/ExceptionHandling.framework/Versions/A/ExceptionHandling
0x0000000001289000 	/System/Library/PrivateFrameworks/CoreServicesInternal.framework/Versions/A/CoreServicesInternal
0x0000000001289000 	/System/Library/PrivateFrameworks/CloudDocs.framework/Versions/A/CloudDocs
0x0000000001289000 	/System/Library/PrivateFrameworks/CoreDuet.framework/Versions/A/CoreDuet
0x0000000001289000 	/System/Library/Frameworks/CloudKit.framework/Versions/A/CloudKit
0x0000000001289000 	/System/Library/PrivateFrameworks/ProtocolBuffer.framework/Versions/A/ProtocolBuffer
0x0000000001289000 	/System/Library/PrivateFrameworks/CoreDuetDaemonProtocol.framework/Versions/A/CoreDuetDaemonProtocol
0x0000000001289000 	/System/Library/PrivateFrameworks/CoreDuetDebugLogging.framework/Versions/A/CoreDuetDebugLogging
0x0000000001289000 	/System/Library/Frameworks/CoreLocation.framework/Versions/A/CoreLocation
0x0000000001289000 	/System/Library/Frameworks/Accounts.framework/Versions/A/Accounts
0x0000000001289000 	/System/Library/PrivateFrameworks/ApplePushService.framework/Versions/A/ApplePushService
0x0000000001289000 	/System/Library/PrivateFrameworks/GeoServices.framework/Versions/A/GeoServices
0x0000000001289000 	/System/Library/PrivateFrameworks/OAuth.framework/Versions/A/OAuth
0x0000000001289000 	/System/Library/PrivateFrameworks/CoreDaemon.framework/Versions/B/CoreDaemon
0x0000000001289000 	/usr/lib/libcrypto.0.9.8.dylib
0x0000000001289000 	/System/Library/PrivateFrameworks/AppleSRP.framework/Versions/A/AppleSRP
0x0000000001289000 	/System/Library/PrivateFrameworks/TrustEvaluationAgent.framework/Versions/A/TrustEvaluationAgent
0x0000000001289000 	/System/Library/Frameworks/CoreGraphics.framework/Versions/A/Resources/libCGCMS.A.dylib
0x0000000001289000 	/System/Library/Frameworks/CoreGraphics.framework/Versions/A/Resources/libRIP.A.dylib
0x0000000001289000 	/System/Library/Frameworks/CoreGraphics.framework/Versions/A/Resources/libCGXType.A.dylib
0x0000000001289000 	/System/Library/Frameworks/OpenCL.framework/Versions/A/Libraries/libcldcpuengine.dylib
0x0000000001289000 	/System/Library/PrivateFrameworks/DiskImages.framework/Versions/A/DiskImages
0x0000000001289000 	/System/Library/Frameworks/DiscRecording.framework/Versions/A/DiscRecording
0x0000000001289000 	/usr/lib/libcsfde.dylib
0x0000000001289000 	/usr/lib/libcurl.4.dylib
0x0000000001289000 	/System/Library/PrivateFrameworks/MediaKit.framework/Versions/A/MediaKit
0x0000000001289000 	/System/Library/PrivateFrameworks/ProtectedCloudStorage.framework/Versions/A/ProtectedCloudStorage
0x0000000001289000 	/usr/lib/libCoreStorage.dylib
0x0000000001289000 	/System/Library/PrivateFrameworks/EFILogin.framework/Versions/A/EFILogin
0x0000000001289000 	/usr/lib/libutil.dylib
0x0000000001289000 	/System/Library/PrivateFrameworks/FindMyDevice.framework/Versions/A/FindMyDevice
0x0000000001289000 	/System/Library/Frameworks/LDAP.framework/Versions/A/LDAP
0x0000000001289000 	/usr/lib/libsasl2.2.dylib
0x00000001154bb000 	cl_kernels
0x00000001154bd000 	/System/Library/Frameworks/OpenCL.framework/Versions/A/Libraries/ImageFormats/unorm8_bgra.dylib
0x00000001154ac000 	cl_kernels
0x0000000001289000 	/System/Library/PrivateFrameworks/FamilyControls.framework/Versions/A/FamilyControls
0x0000000001289000 	/System/Library/PrivateFrameworks/CommerceKit.framework/Versions/A/Frameworks/CommerceCore.framework/Versions/A/CommerceCore
0x0000000001289000 	/System/Library/PrivateFrameworks/SystemAdministration.framework/Versions/A/SystemAdministration
0x0000000001289000 	/System/Library/PrivateFrameworks/AppContainer.framework/Versions/A/AppContainer
0x0000000001289000 	/System/Library/PrivateFrameworks/SecCodeWrapper.framework/Versions/A/SecCodeWrapper
0x0000000001289000 	/System/Library/Frameworks/DirectoryService.framework/Versions/A/DirectoryService
0x0000000001289000 	/System/Library/PrivateFrameworks/LoginUIKit.framework/Versions/A/Frameworks/LoginUICore.framework/Versions/A/LoginUICore
0x0000000001289000 	/usr/lib/libodfde.dylib
0x00000001167b4000 	/Library/Java/JavaVirtualMachines/jdk1.7.0_17.jdk/Contents/Home/jre/lib/libfontmanager.dylib
0x0000000001289000 	/System/Library/Frameworks/OpenGL.framework/Versions/A/Resources/GLEngine.bundle/GLEngine
0x0000000001289000 	/System/Library/Frameworks/OpenGL.framework/Versions/A/Libraries/libGLProgrammability.dylib
0x0000000000000000 	/System/Library/Extensions/AppleIntelHD3000GraphicsGLDriver.bundle/Contents/MacOS/AppleIntelHD3000GraphicsGLDriver
0x00000001148dd000 	/System/Library/PrivateFrameworks/GPUSupport.framework/Versions/A/Libraries/libGPUSupport.dylib
0x0000000000000000 	/System/Library/Extensions/AMDRadeonX3000GLDriver.bundle/Contents/MacOS/AMDRadeonX3000GLDriver
0x0000000001289000 	/System/Library/PrivateFrameworks/IOAccelerator.framework/Versions/A/IOAccelerator
0x0000000001289000 	/System/Library/PrivateFrameworks/GPUSupport.framework/Versions/A/Libraries/libGPUSupportMercury.dylib
0x0000000001289000 	/System/Library/Frameworks/OpenGL.framework/Versions/A/Resources/GLRendererFloat.bundle/GLRendererFloat
0x0000000116e9a000 	/Library/Java/JavaVirtualMachines/jdk1.7.0_17.jdk/Contents/Home/jre/lib/libosxui.dylib
0x0000000116f78000 	/Library/Java/JavaVirtualMachines/jdk1.7.0_17.jdk/Contents/Home/jre/lib/libnet.dylib
0x0000000116eb8000 	/Library/Java/JavaVirtualMachines/jdk1.7.0_17.jdk/Contents/Home/jre/lib/libnio.dylib
0x00000001188f0000 	/Library/Java/JavaVirtualMachines/jdk1.7.0_17.jdk/Contents/Home/jre/lib/libjpeg.dylib

VM Arguments:
jvm_args: -Dfile.encoding=UTF-8 
java_command: layout.CalderraMAIN /martyrs of calderra/src/resources
Launcher Type: SUN_STANDARD

Environment Variables:
PATH=/usr/bin:/bin:/usr/sbin:/sbin
SHELL=/bin/bash

Signal Handlers:
SIGSEGV: [libjvm.dylib+0x4a361d], sa_mask[0]=0xfffefeff, sa_flags=0x00000042
SIGBUS: [libjvm.dylib+0x4a361d], sa_mask[0]=0xfffefeff, sa_flags=0x00000042
SIGFPE: [libjvm.dylib+0x3b302d], sa_mask[0]=0xfffefeff, sa_flags=0x00000042
SIGPIPE: [libjvm.dylib+0x3b302d], sa_mask[0]=0xfffefeff, sa_flags=0x00000042
SIGXFSZ: [libjvm.dylib+0x3b302d], sa_mask[0]=0xfffefeff, sa_flags=0x00000042
SIGILL: [libjvm.dylib+0x3b302d], sa_mask[0]=0xfffefeff, sa_flags=0x00000042
SIGUSR1: SIG_DFL, sa_mask[0]=0x00000000, sa_flags=0x00000000
SIGUSR2: [libjvm.dylib+0x3b2bc6], sa_mask[0]=0x00000004, sa_flags=0x00000042
SIGHUP: [libjvm.dylib+0x3b0e27], sa_mask[0]=0xfffefeff, sa_flags=0x00000042
SIGINT: [libjvm.dylib+0x3b0e27], sa_mask[0]=0xfffefeff, sa_flags=0x00000042
SIGTERM: [libjvm.dylib+0x3b0e27], sa_mask[0]=0xfffefeff, sa_flags=0x00000042
SIGQUIT: [libjvm.dylib+0x3b0e27], sa_mask[0]=0xfffefeff, sa_flags=0x00000042


---------------  S Y S T E M  ---------------

OS:Bsduname:Darwin 14.0.0 Darwin Kernel Version 14.0.0: Fri Sep 19 00:26:44 PDT 2014; root:xnu-2782.1.97~2/RELEASE_X86_64 x86_64
rlimit: STACK 8192k, CORE 0k, NPROC 709, NOFILE 10240, AS infinity
load average:1.39 1.35 2.43

CPU:total 8 (4 cores per cpu, 2 threads per core) family 6 model 42 stepping 7, cmov, cx8, fxsr, mmx, sse, sse2, sse3, ssse3, sse4.1, sse4.2, popcnt, avx, ht, tsc, tscinvbit

Memory: 4k page, physical 835996k(208999k free)

/proc/meminfo:


vm_info: Java HotSpot(TM) 64-Bit Server VM (23.7-b01) for bsd-amd64 JRE (1.7.0_17-b02), built on Mar  1 2013 06:41:23 by "java_re" with gcc 4.2.1 (Based on Apple Inc. build 5658) (LLVM build 2336.11.00)

time: Tue Nov  4 10:47:05 2014
elapsed time: 2 seconds

