#
# A fatal error has been detected by the Java Runtime Environment:
#
#  SIGSEGV (0xb) at pc=0x00007fff8adb8041, pid=1972, tid=36907
#
# JRE version: 7.0_17-b02
# Java VM: Java HotSpot(TM) 64-Bit Server VM (23.7-b01 mixed mode bsd-amd64 compressed oops)
# Problematic frame:
# C  [libGLImage.dylib+0x26041]  storeColor+0x5d1
#
# Failed to write core dump. Core dumps have been disabled. To enable core dumping, try "ulimit -c unlimited" before starting Java again
#
# If you would like to submit a bug report, please visit:
#   http://bugreport.sun.com/bugreport/crash.jsp
# The crash happened outside the Java Virtual Machine in native code.
# See problematic frame for where to report the bug.
#

---------------  T H R E A D  ---------------

Current thread (0x00007f820c030000):  JavaThread "Java2D Queue Flusher" daemon [_thread_in_native, id=36907, stack(0x000000010b707000,0x000000010b807000)]

siginfo:si_signo=SIGSEGV: si_errno=0, si_code=1 (SEGV_MAPERR), si_addr=0x000000010d960000

Registers:
RAX=0x000000003e149495, RBX=0x00007fff8adb7af3, RCX=0x000000010d960000, RDX=0x000000010d960004
RSP=0x000000010b805530, RBP=0x000000010b805540, RSI=0x00007fff8adb8028, RDI=0x000000003e60e0e2
R8 =0x000000010b8059e8, R9 =0x000000003e20a0a1, R10=0x000000003f800000, R11=0x0000000000000004
R12=0x000000000000000a, R13=0x000000010b8059e8, R14=0x00007fff8adb8470, R15=0x0000000000000004
RIP=0x00007fff8adb8041, EFLAGS=0x0000000000010246, ERR=0x0000000000000006
  TRAPNO=0x000000000000000e

Top of Stack: (sp=0x000000010b805530)
0x000000010b805530:   0000000000000003 0000000000000064
0x000000010b805540:   000000010b805b50 00007fff8adc8e7c
0x000000010b805550:   000000013e149495 000000013e60e0e2
0x000000010b805560:   000000013f800000 0000000100000004
0x000000010b805570:   0000000000000001 0000000100000001
0x000000010b805580:   0000000100000000 0000000000000000
0x000000010b805590:   0000000000000000 0000000100000000
0x000000010b8055a0:   00007f8200000000 0000000100000058
0x000000010b8055b0:   000000010b805a00 000000010b805940
0x000000010b8055c0:   9d00ec7798c05304 000000010b805658
0x000000010b8055d0:   0000000000000000 0000000000000000
0x000000010b8055e0:   000000010b8056f8 000000010b8056c0
0x000000010b8055f0:   000000010b805690 00007fff8a18926a
0x000000010b805600:   0000000000000000 0000000000000000
0x000000010b805610:   000000010b8056c0 000000010b805664
0x000000010b805620:   0000000000000000 00007fff729c48e8
0x000000010b805630:   0000000000000000 000000010b805658
0x000000010b805640:   00007fff72a9ecf0 000000008a4f8243
0x000000010b805650:   0000000000000000 0000000000000000
0x000000010b805660:   000000280b805cf8 00007f820d6022b8
0x000000010b805670:   000000010b805cf8 00007f820d6024a8
0x000000010b805680:   00007f820d7fac40 00007f820d7fad88
0x000000010b805690:   0000000000000000 000000008266985b
0x000000010b8056a0:   0000000000000000 0000000000000000
0x000000010b8056b0:   000000010b805730 00007fff826698cd
0x000000010b8056c0:   0000000000000000 0000000000000000
0x000000010b8056d0:   000000010bc0a6c0 00000001098857c0
0x000000010b8056e0:   0000000000000000 00007fff8a50ad43
0x000000010b8056f0:   00007f820d7fad88 00007f820d7fac68
0x000000010b805700:   00007f820c031200 00007f820d7fac40
0x000000010b805710:   000000010b805730 00007fff82669aac
0x000000010b805720:   00007f820d7fad88 00007f820d7fac40 

Instructions: (pc=0x00007fff8adb8041)
0x00007fff8adb8021:   89 08 e9 7e 03 00 00 f6 c2 02 74 0a 41 0f ca 0f
0x00007fff8adb8031:   cf 0f c8 41 0f c9 49 8b 08 48 8d 51 04 49 89 10
0x00007fff8adb8041:   44 89 09 49 8b 08 48 8d 51 04 49 89 10 89 01 49
0x00007fff8adb8051:   8b 00 48 8d 48 04 49 89 08 89 38 e9 fa 03 00 00 

Register to memory mapping:

RAX=0x000000003e149495 is an unknown value
RBX=0x00007fff8adb7af3: storeColor+0x83 in /System/Library/Frameworks/OpenGL.framework/Versions/A/Libraries/libGLImage.dylib at 0x00007fff8ad92000
RCX=0x000000010d960000 is an unknown value
RDX=0x000000010d960004 is an unknown value
RSP=0x000000010b805530 is pointing into the stack for thread: 0x00007f820c030000
RBP=0x000000010b805540 is pointing into the stack for thread: 0x00007f820c030000
RSI=0x00007fff8adb8028: storeColor+0x5b8 in /System/Library/Frameworks/OpenGL.framework/Versions/A/Libraries/libGLImage.dylib at 0x00007fff8ad92000
RDI=0x000000003e60e0e2 is an unknown value
R8 =0x000000010b8059e8 is pointing into the stack for thread: 0x00007f820c030000
R9 =0x000000003e20a0a1 is an unknown value
R10=0x000000003f800000 is an unknown value
R11=0x0000000000000004 is an unknown value
R12=0x000000000000000a is an unknown value
R13=0x000000010b8059e8 is pointing into the stack for thread: 0x00007f820c030000
R14=0x00007fff8adb8470: storeColor+0xa00 in /System/Library/Frameworks/OpenGL.framework/Versions/A/Libraries/libGLImage.dylib at 0x00007fff8ad92000
R15=0x0000000000000004 is an unknown value


Stack: [0x000000010b707000,0x000000010b807000],  sp=0x000000010b805530,  free space=1017k
Native frames: (J=compiled Java code, j=interpreted, Vv=VM code, C=native code)
C  [libGLImage.dylib+0x26041]  storeColor+0x5d1
C  [libGLImage.dylib+0x36e7c]  glgProcessColor+0x4fec
C  [libGLImage.dylib+0x9104]  __glgProcessPixelsWithProcessor_block_invoke+0x6c
C  [libdispatch.dylib+0xd344]  _dispatch_client_callout2+0x8
C  [libdispatch.dylib+0xd873]  _dispatch_apply_serial+0x2a
C  [libdispatch.dylib+0x1c13]  _dispatch_client_callout+0x8
C  [libdispatch.dylib+0xc9a1]  _dispatch_sync_f_invoke+0x27
C  [libdispatch.dylib+0xcf60]  dispatch_apply_f+0x122
C  [libGLImage.dylib+0x8ece]  glgProcessPixelsWithProcessor+0x1ad5
C  [AMDRadeonX3000GLDriver+0x1f3f1d]  gldPresentFramebufferData+0x2227f
C  [AMDRadeonX3000GLDriver+0x228c00]  gldBlitFramebufferData+0x1dff0
C  [GLEngine+0x235f4]  gleDrawPixelsFast+0x2bd0
C  [GLEngine+0x209d6]  glDrawPixels_Exec+0x1f7
C  [liblwawt.dylib+0x2fa7]  OGLBlitLoops_Blit+0x6c2
C  [liblwawt.dylib+0x77f9]  Java_sun_java2d_opengl_OGLRenderQueue_flushBuffer+0x3d1
j  sun.java2d.opengl.OGLRenderQueue.flushBuffer(JI)V+0
j  sun.java2d.opengl.OGLRenderQueue.flushBuffer()V+21
j  sun.java2d.opengl.OGLRenderQueue.access$100(Lsun/java2d/opengl/OGLRenderQueue;)V+1
j  sun.java2d.opengl.OGLRenderQueue$QueueFlusher.run()V+81
v  ~StubRoutines::call_stub
V  [libjvm.dylib+0x28852f]
V  [libjvm.dylib+0x288a0c]
V  [libjvm.dylib+0x288b46]
V  [libjvm.dylib+0x2bf4c0]
V  [libjvm.dylib+0x478294]
V  [libjvm.dylib+0x47977a]
V  [libjvm.dylib+0x3b5191]
C  [libsystem_pthread.dylib+0x32fc]  _pthread_body+0x83
C  [libsystem_pthread.dylib+0x3279]  _pthread_body+0x0
C  [libsystem_pthread.dylib+0x14b1]  thread_start+0xd

Java frames: (J=compiled Java code, j=interpreted, Vv=VM code)
j  sun.java2d.opengl.OGLRenderQueue.flushBuffer(JI)V+0
j  sun.java2d.opengl.OGLRenderQueue.flushBuffer()V+21
j  sun.java2d.opengl.OGLRenderQueue.access$100(Lsun/java2d/opengl/OGLRenderQueue;)V+1
j  sun.java2d.opengl.OGLRenderQueue$QueueFlusher.run()V+81
v  ~StubRoutines::call_stub

---------------  P R O C E S S  ---------------

Java Threads: ( => current thread )
  0x00007f820ba09800 JavaThread "Image Fetcher 0" daemon [_thread_blocked, id=54835, stack(0x000000010d71f000,0x000000010d81f000)]
  0x00007f820ba0b000 JavaThread "DestroyJavaVM" [_thread_blocked, id=4355, stack(0x00000001020ac000,0x00000001021ac000)]
  0x00007f820b9a5000 JavaThread "AWT-EventQueue-0" [_thread_blocked, id=47623, stack(0x000000010c416000,0x000000010c516000)]
  0x00007f820d837000 JavaThread "Java2D Disposer" daemon [_thread_blocked, id=44051, stack(0x000000010bc69000,0x000000010bd69000)]
=>0x00007f820c030000 JavaThread "Java2D Queue Flusher" daemon [_thread_in_native, id=36907, stack(0x000000010b707000,0x000000010b807000)]
  0x00007f820b01c000 JavaThread "AWT-Shutdown" [_thread_blocked, id=15367, stack(0x0000000107926000,0x0000000107a26000)]
  0x00007f820b01b800 JavaThread "AppKit Thread" daemon [_thread_in_native, id=1299, stack(0x00007fff5f691000,0x00007fff5f711000)]
  0x00007f820e800000 JavaThread "Service Thread" daemon [_thread_blocked, id=13827, stack(0x000000010749b000,0x000000010759b000)]
  0x00007f820d81e800 JavaThread "C2 CompilerThread1" daemon [_thread_blocked, id=13571, stack(0x0000000107398000,0x0000000107498000)]
  0x00007f820d81d800 JavaThread "C2 CompilerThread0" daemon [_thread_blocked, id=13319, stack(0x0000000107295000,0x0000000107395000)]
  0x00007f820d81a800 JavaThread "Signal Dispatcher" daemon [_thread_blocked, id=9491, stack(0x0000000107192000,0x0000000107292000)]
  0x00007f820b857800 JavaThread "Finalizer" daemon [_thread_blocked, id=8707, stack(0x0000000105848000,0x0000000105948000)]
  0x00007f820b856800 JavaThread "Reference Handler" daemon [_thread_blocked, id=8451, stack(0x0000000105745000,0x0000000105845000)]

Other Threads:
  0x00007f820b854000 VMThread [stack: 0x0000000105642000,0x0000000105742000] [id=8195]
  0x00007f820b00a800 WatcherThread [stack: 0x000000010759e000,0x000000010769e000] [id=14083]

VM state:not at safepoint (normal execution)

VM Mutex/Monitor currently owned by a thread: None

Heap
 def new generation   total 4032K, used 2720K [0x00000007edc00000, 0x00000007ee060000, 0x00000007f2200000)
  eden space 3584K,  63% used [0x00000007edc00000, 0x00000007ede380d0, 0x00000007edf80000)
  from space 448K, 100% used [0x00000007edf80000, 0x00000007edff0000, 0x00000007edff0000)
  to   space 448K,   0% used [0x00000007edff0000, 0x00000007edff0000, 0x00000007ee060000)
 tenured generation   total 8960K, used 2455K [0x00000007f2200000, 0x00000007f2ac0000, 0x00000007fae00000)
   the space 8960K,  27% used [0x00000007f2200000, 0x00000007f2465cc0, 0x00000007f2465e00, 0x00000007f2ac0000)
 compacting perm gen  total 21248K, used 11938K [0x00000007fae00000, 0x00000007fc2c0000, 0x0000000800000000)
   the space 21248K,  56% used [0x00000007fae00000, 0x00000007fb9a8838, 0x00000007fb9a8a00, 0x00000007fc2c0000)
No shared spaces configured.

Card table byte_map: [0x00000001052bc000,0x000000010534f000] byte_map_base: 0x000000010134e000

Polling page: 0x00000001005fd000

Code Cache  [0x00000001021fc000, 0x000000010246c000, 0x00000001051fc000)
 total_blobs=491 nmethods=43 adapters=400 free_code_cache=48552Kb largest_free_block=49701504

Compilation events (10 events):
Event: 6.625 Thread 0x00007f820d81d800   38             java.lang.Object::equals (11 bytes)
Event: 6.625 Thread 0x00007f820d81d800 nmethod 38 0x000000010228c790 code [0x000000010228c8c0, 0x000000010228c938]
Event: 6.627 Thread 0x00007f820d81e800   39             java.awt.Component::getParent (5 bytes)
Event: 6.627 Thread 0x00007f820d81d800   40             java.awt.Component::getParent_NoClientCode (5 bytes)
Event: 6.628 Thread 0x00007f820d81e800 nmethod 39 0x0000000102290290 code [0x00000001022903c0, 0x0000000102290438]
Event: 6.628 Thread 0x00007f820d81d800 nmethod 40 0x000000010228c590 code [0x000000010228c6c0, 0x000000010228c738]
Event: 6.628 Thread 0x00007f820d81e800   41             java.awt.Component::getPeer (5 bytes)
Event: 6.628 Thread 0x00007f820d81e800 nmethod 41 0x000000010228c390 code [0x000000010228c4c0, 0x000000010228c538]
Event: 6.714 Thread 0x00007f820d81d800   42             java.awt.Component::checkTreeLock (21 bytes)
Event: 6.715 Thread 0x00007f820d81d800 nmethod 42 0x0000000102292410 code [0x0000000102292560, 0x0000000102292608]

GC Heap History (4 events):
Event: 5.265 GC heap before
{Heap before GC invocations=0 (full 0):
 def new generation   total 4032K, used 3584K [0x00000007edc00000, 0x00000007ee060000, 0x00000007f2200000)
  eden space 3584K, 100% used [0x00000007edc00000, 0x00000007edf80000, 0x00000007edf80000)
  from space 448K,   0% used [0x00000007edf80000, 0x00000007edf80000, 0x00000007edff0000)
  to   space 448K,   0% used [0x00000007edff0000, 0x00000007edff0000, 0x00000007ee060000)
 tenured generation   total 8960K, used 0K [0x00000007f2200000, 0x00000007f2ac0000, 0x00000007fae00000)
   the space 8960K,   0% used [0x00000007f2200000, 0x00000007f2200000, 0x00000007f2200200, 0x00000007f2ac0000)
 compacting perm gen  total 21248K, used 7917K [0x00000007fae00000, 0x00000007fc2c0000, 0x0000000800000000)
   the space 21248K,  37% used [0x00000007fae00000, 0x00000007fb5bb6d8, 0x00000007fb5bb800, 0x00000007fc2c0000)
No shared spaces configured.
Event: 5.305 GC heap after
Heap after GC invocations=1 (full 0):
 def new generation   total 4032K, used 448K [0x00000007edc00000, 0x00000007ee060000, 0x00000007f2200000)
  eden space 3584K,   0% used [0x00000007edc00000, 0x00000007edc00000, 0x00000007edf80000)
  from space 448K, 100% used [0x00000007edff0000, 0x00000007ee060000, 0x00000007ee060000)
  to   space 448K,   0% used [0x00000007edf80000, 0x00000007edf80000, 0x00000007edff0000)
 tenured generation   total 8960K, used 1074K [0x00000007f2200000, 0x00000007f2ac0000, 0x00000007fae00000)
   the space 8960K,  11% used [0x00000007f2200000, 0x00000007f230c9f8, 0x00000007f230ca00, 0x00000007f2ac0000)
 compacting perm gen  total 21248K, used 7917K [0x00000007fae00000, 0x00000007fc2c0000, 0x0000000800000000)
   the space 21248K,  37% used [0x00000007fae00000, 0x00000007fb5bb6d8, 0x00000007fb5bb800, 0x00000007fc2c0000)
No shared spaces configured.
}
Event: 6.451 GC heap before
{Heap before GC invocations=1 (full 0):
 def new generation   total 4032K, used 3438K [0x00000007edc00000, 0x00000007ee060000, 0x00000007f2200000)
  eden space 3584K,  83% used [0x00000007edc00000, 0x00000007edeeb810, 0x00000007edf80000)
  from space 448K, 100% used [0x00000007edff0000, 0x00000007ee060000, 0x00000007ee060000)
  to   space 448K,   0% used [0x00000007edf80000, 0x00000007edf80000, 0x00000007edff0000)
 tenured generation   total 8960K, used 1074K [0x00000007f2200000, 0x00000007f2ac0000, 0x00000007fae00000)
   the space 8960K,  11% used [0x00000007f2200000, 0x00000007f230c9f8, 0x00000007f230ca00, 0x00000007f2ac0000)
 compacting perm gen  total 21248K, used 11525K [0x00000007fae00000, 0x00000007fc2c0000, 0x0000000800000000)
   the space 21248K,  54% used [0x00000007fae00000, 0x00000007fb941798, 0x00000007fb941800, 0x00000007fc2c0000)
No shared spaces configured.
Event: 6.466 GC heap after
Heap after GC invocations=2 (full 0):
 def new generation   total 4032K, used 448K [0x00000007edc00000, 0x00000007ee060000, 0x00000007f2200000)
  eden space 3584K,   0% used [0x00000007edc00000, 0x00000007edc00000, 0x00000007edf80000)
  from space 448K, 100% used [0x00000007edf80000, 0x00000007edff0000, 0x00000007edff0000)
  to   space 448K,   0% used [0x00000007edff0000, 0x00000007edff0000, 0x00000007ee060000)
 tenured generation   total 8960K, used 2455K [0x00000007f2200000, 0x00000007f2ac0000, 0x00000007fae00000)
   the space 8960K,  27% used [0x00000007f2200000, 0x00000007f2465cc0, 0x00000007f2465e00, 0x00000007f2ac0000)
 compacting perm gen  total 21248K, used 11525K [0x00000007fae00000, 0x00000007fc2c0000, 0x0000000800000000)
   the space 21248K,  54% used [0x00000007fae00000, 0x00000007fb941798, 0x00000007fb941800, 0x00000007fc2c0000)
No shared spaces configured.
}

Deoptimization events (1 events):
Event: 6.895 Thread 0x00007f820b9a5000 Uncommon trap 51 fr.pc 0x0000000102275800

Internal exceptions (10 events):
Event: 6.007 Thread 0x00007f820b005800 Threw 0x00000007ede49088 at /HUDSON/workspace/jdk7u17-2-build-macosx-amd64-product/jdk7u17/hotspot/src/share/vm/prims/jvm.cpp:1166
Event: 6.011 Thread 0x00007f820b005800 Threw 0x00000007ede50948 at /HUDSON/workspace/jdk7u17-2-build-macosx-amd64-product/jdk7u17/hotspot/src/share/vm/prims/jvm.cpp:1166
Event: 6.013 Thread 0x00007f820b005800 Threw 0x00000007ede582a0 at /HUDSON/workspace/jdk7u17-2-build-macosx-amd64-product/jdk7u17/hotspot/src/share/vm/prims/jvm.cpp:1166
Event: 6.014 Thread 0x00007f820b005800 Threw 0x00000007ede5aec8 at /HUDSON/workspace/jdk7u17-2-build-macosx-amd64-product/jdk7u17/hotspot/src/share/vm/prims/jvm.cpp:1166
Event: 6.237 Thread 0x00007f820b005800 Threw 0x00000007edeb6ec8 at /HUDSON/workspace/jdk7u17-2-build-macosx-amd64-product/jdk7u17/hotspot/src/share/vm/prims/jvm.cpp:1166
Event: 6.254 Thread 0x00007f820b005800 Threw 0x00000007edebbd80 at /HUDSON/workspace/jdk7u17-2-build-macosx-amd64-product/jdk7u17/hotspot/src/share/vm/prims/jvm.cpp:1166
Event: 6.256 Thread 0x00007f820b005800 Threw 0x00000007edebf958 at /HUDSON/workspace/jdk7u17-2-build-macosx-amd64-product/jdk7u17/hotspot/src/share/vm/prims/jvm.cpp:1166
Event: 6.257 Thread 0x00007f820b005800 Threw 0x00000007edec3810 at /HUDSON/workspace/jdk7u17-2-build-macosx-amd64-product/jdk7u17/hotspot/src/share/vm/prims/jvm.cpp:1166
Event: 6.258 Thread 0x00007f820b005800 Threw 0x00000007edec62a0 at /HUDSON/workspace/jdk7u17-2-build-macosx-amd64-product/jdk7u17/hotspot/src/share/vm/prims/jvm.cpp:1166
Event: 6.259 Thread 0x00007f820b005800 Threw 0x00000007edec8e00 at /HUDSON/workspace/jdk7u17-2-build-macosx-amd64-product/jdk7u17/hotspot/src/share/vm/prims/jvm.cpp:1166

Events (10 events):
Event: 6.947 loading class 0x00007f820d7c6400
Event: 6.947 loading class 0x00007f820d7c64f0
Event: 6.948 loading class 0x00007f820d7c64f0 done
Event: 6.948 loading class 0x00007f820d7c6400 done
Event: 6.965 Executing VM operation: RevokeBias
Event: 6.965 Executing VM operation: RevokeBias done
Event: 6.965 Executing VM operation: RevokeBias
Event: 6.965 Executing VM operation: RevokeBias done
Event: 6.967 Executing VM operation: RevokeBias
Event: 6.967 Executing VM operation: RevokeBias done


Dynamic libraries:
0x0000000001289000 	/System/Library/Frameworks/Cocoa.framework/Versions/A/Cocoa
0x0000000001289000 	/System/Library/Frameworks/Security.framework/Versions/A/Security
0x0000000001289000 	/System/Library/Frameworks/ApplicationServices.framework/Versions/A/ApplicationServices
0x0000000001289000 	/usr/lib/libz.1.dylib
0x0000000001289000 	/usr/lib/libSystem.B.dylib
0x0000000001289000 	/usr/lib/libobjc.A.dylib
0x0000000001289000 	/System/Library/Frameworks/CoreFoundation.framework/Versions/A/CoreFoundation
0x0000000001289000 	/System/Library/Frameworks/AppKit.framework/Versions/C/AppKit
0x0000000001289000 	/System/Library/Frameworks/CoreData.framework/Versions/A/CoreData
0x0000000001289000 	/System/Library/Frameworks/Foundation.framework/Versions/C/Foundation
0x0000000001289000 	/System/Library/PrivateFrameworks/RemoteViewServices.framework/Versions/A/RemoteViewServices
0x0000000001289000 	/System/Library/PrivateFrameworks/UIFoundation.framework/Versions/A/UIFoundation
0x0000000001289000 	/System/Library/Frameworks/IOSurface.framework/Versions/A/IOSurface
0x0000000001289000 	/System/Library/Frameworks/AudioToolbox.framework/Versions/A/AudioToolbox
0x0000000001289000 	/System/Library/Frameworks/AudioUnit.framework/Versions/A/AudioUnit
0x0000000001289000 	/System/Library/PrivateFrameworks/DataDetectorsCore.framework/Versions/A/DataDetectorsCore
0x0000000001289000 	/System/Library/PrivateFrameworks/DesktopServicesPriv.framework/Versions/A/DesktopServicesPriv
0x0000000001289000 	/System/Library/Frameworks/Carbon.framework/Versions/A/Frameworks/HIToolbox.framework/Versions/A/HIToolbox
0x0000000001289000 	/System/Library/Frameworks/QuartzCore.framework/Versions/A/QuartzCore
0x0000000001289000 	/System/Library/Frameworks/Carbon.framework/Versions/A/Frameworks/SpeechRecognition.framework/Versions/A/SpeechRecognition
0x0000000001289000 	/usr/lib/libauto.dylib
0x0000000001289000 	/usr/lib/libicucore.A.dylib
0x0000000001289000 	/usr/lib/libxml2.2.dylib
0x0000000001289000 	/System/Library/PrivateFrameworks/CoreUI.framework/Versions/A/CoreUI
0x0000000001289000 	/System/Library/Frameworks/CoreAudio.framework/Versions/A/CoreAudio
0x0000000001289000 	/System/Library/Frameworks/DiskArbitration.framework/Versions/A/DiskArbitration
0x0000000001289000 	/usr/lib/liblangid.dylib
0x0000000001289000 	/System/Library/PrivateFrameworks/MultitouchSupport.framework/Versions/A/MultitouchSupport
0x0000000001289000 	/System/Library/Frameworks/IOKit.framework/Versions/A/IOKit
0x0000000001289000 	/usr/lib/libDiagnosticMessagesClient.dylib
0x0000000001289000 	/System/Library/Frameworks/CoreServices.framework/Versions/A/CoreServices
0x0000000001289000 	/System/Library/PrivateFrameworks/PerformanceAnalysis.framework/Versions/A/PerformanceAnalysis
0x0000000001289000 	/System/Library/PrivateFrameworks/GenerationalStorage.framework/Versions/A/GenerationalStorage
0x0000000001289000 	/System/Library/Frameworks/OpenGL.framework/Versions/A/OpenGL
0x0000000001289000 	/System/Library/PrivateFrameworks/Sharing.framework/Versions/A/Sharing
0x0000000001289000 	/System/Library/Frameworks/CoreGraphics.framework/Versions/A/CoreGraphics
0x0000000001289000 	/System/Library/Frameworks/CoreText.framework/Versions/A/CoreText
0x0000000001289000 	/System/Library/Frameworks/ImageIO.framework/Versions/A/ImageIO
0x0000000001289000 	/usr/lib/libextension.dylib
0x0000000001289000 	/System/Library/PrivateFrameworks/Backup.framework/Versions/A/Backup
0x0000000001289000 	/usr/lib/libarchive.2.dylib
0x0000000001289000 	/System/Library/Frameworks/CFNetwork.framework/Versions/A/CFNetwork
0x0000000001289000 	/System/Library/Frameworks/SystemConfiguration.framework/Versions/A/SystemConfiguration
0x0000000001289000 	/usr/lib/libCRFSuite.dylib
0x0000000001289000 	/usr/lib/libc++.1.dylib
0x0000000001289000 	/usr/lib/libc++abi.dylib
0x0000000001289000 	/usr/lib/system/libcache.dylib
0x0000000001289000 	/usr/lib/system/libcommonCrypto.dylib
0x0000000001289000 	/usr/lib/system/libcompiler_rt.dylib
0x0000000001289000 	/usr/lib/system/libcopyfile.dylib
0x0000000001289000 	/usr/lib/system/libcorecrypto.dylib
0x0000000001289000 	/usr/lib/system/libdispatch.dylib
0x0000000001289000 	/usr/lib/system/libdyld.dylib
0x0000000001289000 	/usr/lib/system/libkeymgr.dylib
0x0000000001289000 	/usr/lib/system/liblaunch.dylib
0x0000000001289000 	/usr/lib/system/libmacho.dylib
0x0000000001289000 	/usr/lib/system/libquarantine.dylib
0x0000000001289000 	/usr/lib/system/libremovefile.dylib
0x0000000001289000 	/usr/lib/system/libsystem_asl.dylib
0x0000000001289000 	/usr/lib/system/libsystem_blocks.dylib
0x0000000001289000 	/usr/lib/system/libsystem_c.dylib
0x0000000001289000 	/usr/lib/system/libsystem_configuration.dylib
0x0000000001289000 	/usr/lib/system/libsystem_coreservices.dylib
0x0000000001289000 	/usr/lib/system/libsystem_coretls.dylib
0x0000000001289000 	/usr/lib/system/libsystem_dnssd.dylib
0x0000000001289000 	/usr/lib/system/libsystem_info.dylib
0x0000000001289000 	/usr/lib/system/libsystem_kernel.dylib
0x0000000001289000 	/usr/lib/system/libsystem_m.dylib
0x0000000001289000 	/usr/lib/system/libsystem_malloc.dylib
0x0000000001289000 	/usr/lib/system/libsystem_network.dylib
0x0000000001289000 	/usr/lib/system/libsystem_networkextension.dylib
0x0000000001289000 	/usr/lib/system/libsystem_notify.dylib
0x0000000001289000 	/usr/lib/system/libsystem_platform.dylib
0x0000000001289000 	/usr/lib/system/libsystem_pthread.dylib
0x0000000001289000 	/usr/lib/system/libsystem_sandbox.dylib
0x0000000001289000 	/usr/lib/system/libsystem_secinit.dylib
0x0000000001289000 	/usr/lib/system/libsystem_stats.dylib
0x0000000001289000 	/usr/lib/system/libsystem_trace.dylib
0x0000000001289000 	/usr/lib/system/libunc.dylib
0x0000000001289000 	/usr/lib/system/libunwind.dylib
0x0000000001289000 	/usr/lib/system/libxpc.dylib
0x0000000001289000 	/usr/lib/libbz2.1.0.dylib
0x0000000001289000 	/usr/lib/liblzma.5.dylib
0x0000000001289000 	/usr/lib/libbsm.0.dylib
0x0000000001289000 	/usr/lib/libsqlite3.dylib
0x0000000001289000 	/usr/lib/system/libkxld.dylib
0x0000000001289000 	/usr/lib/libxar.1.dylib
0x0000000001289000 	/usr/lib/libpam.2.dylib
0x0000000001289000 	/usr/lib/libOpenScriptingUtil.dylib
0x0000000001289000 	/System/Library/Frameworks/CoreServices.framework/Versions/A/Frameworks/FSEvents.framework/Versions/A/FSEvents
0x0000000001289000 	/System/Library/Frameworks/CoreServices.framework/Versions/A/Frameworks/CarbonCore.framework/Versions/A/CarbonCore
0x0000000001289000 	/System/Library/Frameworks/CoreServices.framework/Versions/A/Frameworks/Metadata.framework/Versions/A/Metadata
0x0000000001289000 	/System/Library/Frameworks/CoreServices.framework/Versions/A/Frameworks/OSServices.framework/Versions/A/OSServices
0x0000000001289000 	/System/Library/Frameworks/CoreServices.framework/Versions/A/Frameworks/SearchKit.framework/Versions/A/SearchKit
0x0000000001289000 	/System/Library/Frameworks/CoreServices.framework/Versions/A/Frameworks/AE.framework/Versions/A/AE
0x0000000001289000 	/System/Library/Frameworks/CoreServices.framework/Versions/A/Frameworks/LaunchServices.framework/Versions/A/LaunchServices
0x0000000001289000 	/System/Library/Frameworks/CoreServices.framework/Versions/A/Frameworks/DictionaryServices.framework/Versions/A/DictionaryServices
0x0000000001289000 	/System/Library/Frameworks/NetFS.framework/Versions/A/NetFS
0x0000000001289000 	/System/Library/PrivateFrameworks/NetAuth.framework/Versions/A/NetAuth
0x0000000001289000 	/System/Library/PrivateFrameworks/login.framework/Versions/A/Frameworks/loginsupport.framework/Versions/A/loginsupport
0x0000000001289000 	/System/Library/PrivateFrameworks/TCC.framework/Versions/A/TCC
0x0000000001289000 	/usr/lib/libmecabra.dylib
0x0000000001289000 	/System/Library/PrivateFrameworks/LanguageModeling.framework/Versions/A/LanguageModeling
0x0000000001289000 	/usr/lib/libcmph.dylib
0x0000000001289000 	/usr/lib/libiconv.2.dylib
0x0000000001289000 	/System/Library/Frameworks/OpenDirectory.framework/Versions/A/Frameworks/CFOpenDirectory.framework/Versions/A/CFOpenDirectory
0x0000000001289000 	/System/Library/Frameworks/ServiceManagement.framework/Versions/A/ServiceManagement
0x0000000001289000 	/usr/lib/libxslt.1.dylib
0x0000000001289000 	/System/Library/Frameworks/Carbon.framework/Versions/A/Frameworks/Ink.framework/Versions/A/Ink
0x0000000001289000 	/System/Library/Frameworks/ApplicationServices.framework/Versions/A/Frameworks/ATS.framework/Versions/A/ATS
0x0000000001289000 	/System/Library/Frameworks/ApplicationServices.framework/Versions/A/Frameworks/ColorSync.framework/Versions/A/ColorSync
0x0000000001289000 	/System/Library/Frameworks/ApplicationServices.framework/Versions/A/Frameworks/HIServices.framework/Versions/A/HIServices
0x0000000001289000 	/System/Library/Frameworks/ApplicationServices.framework/Versions/A/Frameworks/LangAnalysis.framework/Versions/A/LangAnalysis
0x0000000001289000 	/System/Library/Frameworks/ApplicationServices.framework/Versions/A/Frameworks/PrintCore.framework/Versions/A/PrintCore
0x0000000001289000 	/System/Library/Frameworks/ApplicationServices.framework/Versions/A/Frameworks/QD.framework/Versions/A/QD
0x0000000001289000 	/System/Library/Frameworks/ApplicationServices.framework/Versions/A/Frameworks/SpeechSynthesis.framework/Versions/A/SpeechSynthesis
0x0000000001289000 	/System/Library/Frameworks/Accelerate.framework/Versions/A/Accelerate
0x0000000001289000 	/System/Library/Frameworks/Accelerate.framework/Versions/A/Frameworks/vImage.framework/Versions/A/vImage
0x0000000001289000 	/System/Library/Frameworks/Accelerate.framework/Versions/A/Frameworks/vecLib.framework/Versions/A/vecLib
0x0000000001289000 	/System/Library/Frameworks/Accelerate.framework/Versions/A/Frameworks/vecLib.framework/Versions/A/libvDSP.dylib
0x0000000001289000 	/System/Library/Frameworks/Accelerate.framework/Versions/A/Frameworks/vecLib.framework/Versions/A/libvMisc.dylib
0x0000000001289000 	/System/Library/Frameworks/Accelerate.framework/Versions/A/Frameworks/vecLib.framework/Versions/A/libLAPACK.dylib
0x0000000001289000 	/System/Library/Frameworks/Accelerate.framework/Versions/A/Frameworks/vecLib.framework/Versions/A/libBLAS.dylib
0x0000000001289000 	/System/Library/Frameworks/Accelerate.framework/Versions/A/Frameworks/vecLib.framework/Versions/A/libLinearAlgebra.dylib
0x0000000001289000 	/System/Library/Frameworks/ApplicationServices.framework/Versions/A/Frameworks/ATS.framework/Versions/A/Resources/libFontParser.dylib
0x0000000001289000 	/System/Library/Frameworks/ApplicationServices.framework/Versions/A/Frameworks/ATS.framework/Versions/A/Resources/libFontRegistry.dylib
0x0000000001289000 	/System/Library/PrivateFrameworks/AppleVPA.framework/Versions/A/AppleVPA
0x0000000001289000 	/System/Library/PrivateFrameworks/AppleJPEG.framework/Versions/A/AppleJPEG
0x0000000001289000 	/System/Library/Frameworks/ImageIO.framework/Versions/A/Resources/libJPEG.dylib
0x0000000001289000 	/System/Library/Frameworks/ImageIO.framework/Versions/A/Resources/libTIFF.dylib
0x0000000001289000 	/System/Library/Frameworks/ImageIO.framework/Versions/A/Resources/libPng.dylib
0x0000000001289000 	/System/Library/Frameworks/ImageIO.framework/Versions/A/Resources/libGIF.dylib
0x0000000001289000 	/System/Library/Frameworks/ImageIO.framework/Versions/A/Resources/libJP2.dylib
0x0000000001289000 	/System/Library/Frameworks/ImageIO.framework/Versions/A/Resources/libRadiance.dylib
0x0000000001289000 	/System/Library/Frameworks/CoreVideo.framework/Versions/A/CoreVideo
0x0000000001289000 	/System/Library/Frameworks/OpenGL.framework/Versions/A/Libraries/libGLU.dylib
0x0000000001289000 	/System/Library/Frameworks/OpenGL.framework/Versions/A/Libraries/libGFXShared.dylib
0x0000000001289000 	/System/Library/Frameworks/OpenGL.framework/Versions/A/Libraries/libGL.dylib
0x0000000001289000 	/System/Library/Frameworks/OpenGL.framework/Versions/A/Libraries/libGLImage.dylib
0x0000000001289000 	/System/Library/Frameworks/OpenGL.framework/Versions/A/Libraries/libCVMSPluginSupport.dylib
0x0000000001289000 	/System/Library/Frameworks/OpenGL.framework/Versions/A/Libraries/libCoreVMClient.dylib
0x0000000001289000 	/usr/lib/libcups.2.dylib
0x0000000001289000 	/System/Library/Frameworks/Kerberos.framework/Versions/A/Kerberos
0x0000000001289000 	/System/Library/Frameworks/GSS.framework/Versions/A/GSS
0x0000000001289000 	/usr/lib/libresolv.9.dylib
0x0000000001289000 	/System/Library/PrivateFrameworks/Heimdal.framework/Versions/A/Heimdal
0x0000000001289000 	/usr/lib/libheimdal-asn1.dylib
0x0000000001289000 	/System/Library/Frameworks/OpenDirectory.framework/Versions/A/OpenDirectory
0x0000000001289000 	/System/Library/PrivateFrameworks/CommonAuth.framework/Versions/A/CommonAuth
0x0000000001289000 	/System/Library/Frameworks/SecurityFoundation.framework/Versions/A/SecurityFoundation
0x0000000001289000 	/System/Library/Frameworks/QuartzCore.framework/Versions/A/Frameworks/CoreImage.framework/Versions/A/CoreImage
0x0000000001289000 	/System/Library/PrivateFrameworks/CrashReporterSupport.framework/Versions/A/CrashReporterSupport
0x0000000001289000 	/System/Library/Frameworks/OpenCL.framework/Versions/A/OpenCL
0x0000000001289000 	/System/Library/PrivateFrameworks/FaceCore.framework/Versions/A/FaceCore
0x0000000001289000 	/System/Library/PrivateFrameworks/Ubiquity.framework/Versions/A/Ubiquity
0x0000000001289000 	/System/Library/PrivateFrameworks/IconServices.framework/Versions/A/IconServices
0x0000000001289000 	/System/Library/PrivateFrameworks/ChunkingLibrary.framework/Versions/A/ChunkingLibrary
0x0000000001289000 	/System/Library/PrivateFrameworks/Apple80211.framework/Versions/A/Apple80211
0x0000000001289000 	/System/Library/Frameworks/CoreWLAN.framework/Versions/A/CoreWLAN
0x0000000001289000 	/System/Library/Frameworks/IOBluetooth.framework/Versions/A/IOBluetooth
0x0000000001289000 	/System/Library/PrivateFrameworks/CoreWiFi.framework/Versions/A/CoreWiFi
0x0000000001289000 	/System/Library/Frameworks/CoreBluetooth.framework/Versions/A/CoreBluetooth
0x0000000001289000 	/System/Library/PrivateFrameworks/DebugSymbols.framework/Versions/A/DebugSymbols
0x0000000001289000 	/System/Library/PrivateFrameworks/CoreSymbolication.framework/Versions/A/CoreSymbolication
0x0000000001289000 	/System/Library/PrivateFrameworks/Symbolication.framework/Versions/A/Symbolication
0x0000000001289000 	/System/Library/PrivateFrameworks/SpeechRecognitionCore.framework/Versions/A/SpeechRecognitionCore
0x0000000101600000 	/Library/Java/JavaVirtualMachines/jdk1.7.0_17.jdk/Contents/Home/jre/lib/server/libjvm.dylib
0x0000000001289000 	/usr/lib/libstdc++.6.dylib
0x00000001021ae000 	/Library/Java/JavaVirtualMachines/jdk1.7.0_17.jdk/Contents/Home/jre/lib/libverify.dylib
0x00000001021bb000 	/Library/Java/JavaVirtualMachines/jdk1.7.0_17.jdk/Contents/Home/jre/lib/libjava.dylib
0x00000001021f3000 	/Library/Java/JavaVirtualMachines/jdk1.7.0_17.jdk/Contents/Home/jre/lib/libzip.dylib
0x000000010594a000 	/System/Library/Frameworks/JavaVM.framework/Frameworks/JavaRuntimeSupport.framework/JavaRuntimeSupport
0x0000000105962000 	/System/Library/Frameworks/JavaVM.framework/Versions/A/Frameworks/JavaNativeFoundation.framework/Versions/A/JavaNativeFoundation
0x0000000105977000 	/System/Library/Frameworks/JavaVM.framework/Versions/A/JavaVM
0x0000000001289000 	/System/Library/Frameworks/Carbon.framework/Versions/A/Carbon
0x0000000105984000 	/System/Library/PrivateFrameworks/JavaLaunching.framework/Versions/A/JavaLaunching
0x0000000001289000 	/System/Library/Frameworks/Carbon.framework/Versions/A/Frameworks/CommonPanels.framework/Versions/A/CommonPanels
0x0000000001289000 	/System/Library/Frameworks/Carbon.framework/Versions/A/Frameworks/Help.framework/Versions/A/Help
0x0000000001289000 	/System/Library/Frameworks/Carbon.framework/Versions/A/Frameworks/ImageCapture.framework/Versions/A/ImageCapture
0x0000000001289000 	/System/Library/Frameworks/Carbon.framework/Versions/A/Frameworks/OpenScripting.framework/Versions/A/OpenScripting
0x0000000001289000 	/System/Library/Frameworks/Carbon.framework/Versions/A/Frameworks/Print.framework/Versions/A/Print
0x0000000001289000 	/System/Library/Frameworks/Carbon.framework/Versions/A/Frameworks/SecurityHI.framework/Versions/A/SecurityHI
0x00000001076dc000 	/Library/Java/JavaVirtualMachines/jdk1.7.0_17.jdk/Contents/Home/jre/lib/libawt.dylib
0x000000010778b000 	/Library/Java/JavaVirtualMachines/jdk1.7.0_17.jdk/Contents/Home/jre/lib/./libmlib_image.dylib
0x0000000107857000 	/Library/Java/JavaVirtualMachines/jdk1.7.0_17.jdk/Contents/Home/jre/lib/lwawt/liblwawt.dylib
0x0000000107909000 	/Library/Java/JavaVirtualMachines/jdk1.7.0_17.jdk/Contents/Home/jre/lib/libosxapp.dylib
0x0000000001289000 	/System/Library/Frameworks/ExceptionHandling.framework/Versions/A/ExceptionHandling
0x0000000001289000 	/System/Library/PrivateFrameworks/CoreServicesInternal.framework/Versions/A/CoreServicesInternal
0x0000000001289000 	/System/Library/PrivateFrameworks/CloudDocs.framework/Versions/A/CloudDocs
0x0000000001289000 	/System/Library/PrivateFrameworks/CoreDuet.framework/Versions/A/CoreDuet
0x0000000001289000 	/System/Library/Frameworks/CloudKit.framework/Versions/A/CloudKit
0x0000000001289000 	/System/Library/PrivateFrameworks/ProtocolBuffer.framework/Versions/A/ProtocolBuffer
0x0000000001289000 	/System/Library/PrivateFrameworks/CoreDuetDaemonProtocol.framework/Versions/A/CoreDuetDaemonProtocol
0x0000000001289000 	/System/Library/PrivateFrameworks/CoreDuetDebugLogging.framework/Versions/A/CoreDuetDebugLogging
0x0000000001289000 	/System/Library/Frameworks/CoreLocation.framework/Versions/A/CoreLocation
0x0000000001289000 	/System/Library/Frameworks/Accounts.framework/Versions/A/Accounts
0x0000000001289000 	/System/Library/PrivateFrameworks/ApplePushService.framework/Versions/A/ApplePushService
0x0000000001289000 	/System/Library/PrivateFrameworks/GeoServices.framework/Versions/A/GeoServices
0x0000000001289000 	/System/Library/PrivateFrameworks/OAuth.framework/Versions/A/OAuth
0x0000000001289000 	/System/Library/PrivateFrameworks/CoreDaemon.framework/Versions/B/CoreDaemon
0x0000000001289000 	/usr/lib/libcrypto.0.9.8.dylib
0x0000000001289000 	/System/Library/PrivateFrameworks/AppleSRP.framework/Versions/A/AppleSRP
0x0000000001289000 	/System/Library/PrivateFrameworks/TrustEvaluationAgent.framework/Versions/A/TrustEvaluationAgent
0x0000000001289000 	/System/Library/Frameworks/CoreGraphics.framework/Versions/A/Resources/libCGCMS.A.dylib
0x0000000001289000 	/System/Library/Frameworks/CoreGraphics.framework/Versions/A/Resources/libRIP.A.dylib
0x0000000001289000 	/System/Library/Frameworks/CoreGraphics.framework/Versions/A/Resources/libCGXType.A.dylib
0x0000000001289000 	/System/Library/Frameworks/OpenCL.framework/Versions/A/Libraries/libcldcpuengine.dylib
0x0000000001289000 	/System/Library/PrivateFrameworks/DiskImages.framework/Versions/A/DiskImages
0x0000000001289000 	/System/Library/Frameworks/DiscRecording.framework/Versions/A/DiscRecording
0x0000000001289000 	/usr/lib/libcsfde.dylib
0x0000000001289000 	/usr/lib/libcurl.4.dylib
0x0000000001289000 	/System/Library/PrivateFrameworks/MediaKit.framework/Versions/A/MediaKit
0x0000000001289000 	/System/Library/PrivateFrameworks/ProtectedCloudStorage.framework/Versions/A/ProtectedCloudStorage
0x0000000001289000 	/usr/lib/libCoreStorage.dylib
0x0000000001289000 	/System/Library/PrivateFrameworks/EFILogin.framework/Versions/A/EFILogin
0x0000000001289000 	/usr/lib/libutil.dylib
0x0000000001289000 	/System/Library/PrivateFrameworks/FindMyDevice.framework/Versions/A/FindMyDevice
0x0000000001289000 	/System/Library/Frameworks/LDAP.framework/Versions/A/LDAP
0x0000000001289000 	/usr/lib/libsasl2.2.dylib
0x000000010a444000 	cl_kernels
0x000000010a446000 	/System/Library/Frameworks/OpenCL.framework/Versions/A/Libraries/ImageFormats/unorm8_bgra.dylib
0x000000010a435000 	cl_kernels
0x0000000001289000 	/System/Library/PrivateFrameworks/FamilyControls.framework/Versions/A/FamilyControls
0x0000000001289000 	/System/Library/PrivateFrameworks/CommerceKit.framework/Versions/A/Frameworks/CommerceCore.framework/Versions/A/CommerceCore
0x0000000001289000 	/System/Library/PrivateFrameworks/SystemAdministration.framework/Versions/A/SystemAdministration
0x0000000001289000 	/System/Library/PrivateFrameworks/AppContainer.framework/Versions/A/AppContainer
0x0000000001289000 	/System/Library/PrivateFrameworks/SecCodeWrapper.framework/Versions/A/SecCodeWrapper
0x0000000001289000 	/System/Library/Frameworks/DirectoryService.framework/Versions/A/DirectoryService
0x0000000001289000 	/System/Library/PrivateFrameworks/LoginUIKit.framework/Versions/A/Frameworks/LoginUICore.framework/Versions/A/LoginUICore
0x0000000001289000 	/usr/lib/libodfde.dylib
0x000000010b6ba000 	/Library/Java/JavaVirtualMachines/jdk1.7.0_17.jdk/Contents/Home/jre/lib/libfontmanager.dylib
0x0000000001289000 	/System/Library/Frameworks/OpenGL.framework/Versions/A/Resources/GLEngine.bundle/GLEngine
0x0000000001289000 	/System/Library/Frameworks/OpenGL.framework/Versions/A/Libraries/libGLProgrammability.dylib
0x0000000000000000 	/System/Library/Extensions/AppleIntelHD3000GraphicsGLDriver.bundle/Contents/MacOS/AppleIntelHD3000GraphicsGLDriver
0x0000000109866000 	/System/Library/PrivateFrameworks/GPUSupport.framework/Versions/A/Libraries/libGPUSupport.dylib
0x0000000000000000 	/System/Library/Extensions/AMDRadeonX3000GLDriver.bundle/Contents/MacOS/AMDRadeonX3000GLDriver
0x0000000001289000 	/System/Library/PrivateFrameworks/IOAccelerator.framework/Versions/A/IOAccelerator
0x0000000001289000 	/System/Library/PrivateFrameworks/GPUSupport.framework/Versions/A/Libraries/libGPUSupportMercury.dylib
0x0000000001289000 	/System/Library/Frameworks/OpenGL.framework/Versions/A/Resources/GLRendererFloat.bundle/GLRendererFloat
0x000000010bda0000 	/Library/Java/JavaVirtualMachines/jdk1.7.0_17.jdk/Contents/Home/jre/lib/libosxui.dylib
0x000000010c04f000 	/Library/Java/JavaVirtualMachines/jdk1.7.0_17.jdk/Contents/Home/jre/lib/libnet.dylib
0x000000010c0ac000 	/Library/Java/JavaVirtualMachines/jdk1.7.0_17.jdk/Contents/Home/jre/lib/libnio.dylib
0x000000010d821000 	/Library/Java/JavaVirtualMachines/jdk1.7.0_17.jdk/Contents/Home/jre/lib/libjpeg.dylib

VM Arguments:
jvm_args: -Dfile.encoding=US-ASCII 
java_command: layout.CalderraMAIN /martyrs of calderra/src/resources
Launcher Type: SUN_STANDARD

Environment Variables:
PATH=/usr/bin:/bin:/usr/sbin:/sbin
SHELL=/bin/bash

Signal Handlers:
SIGSEGV: [libjvm.dylib+0x4a361d], sa_mask[0]=0xfffefeff, sa_flags=0x00000042
SIGBUS: [libjvm.dylib+0x4a361d], sa_mask[0]=0xfffefeff, sa_flags=0x00000042
SIGFPE: [libjvm.dylib+0x3b302d], sa_mask[0]=0xfffefeff, sa_flags=0x00000042
SIGPIPE: [libjvm.dylib+0x3b302d], sa_mask[0]=0xfffefeff, sa_flags=0x00000042
SIGXFSZ: [libjvm.dylib+0x3b302d], sa_mask[0]=0xfffefeff, sa_flags=0x00000042
SIGILL: [libjvm.dylib+0x3b302d], sa_mask[0]=0xfffefeff, sa_flags=0x00000042
SIGUSR1: SIG_DFL, sa_mask[0]=0x00000000, sa_flags=0x00000000
SIGUSR2: [libjvm.dylib+0x3b2bc6], sa_mask[0]=0x00000004, sa_flags=0x00000042
SIGHUP: [libjvm.dylib+0x3b0e27], sa_mask[0]=0xfffefeff, sa_flags=0x00000042
SIGINT: [libjvm.dylib+0x3b0e27], sa_mask[0]=0xfffefeff, sa_flags=0x00000042
SIGTERM: [libjvm.dylib+0x3b0e27], sa_mask[0]=0xfffefeff, sa_flags=0x00000042
SIGQUIT: [libjvm.dylib+0x3b0e27], sa_mask[0]=0xfffefeff, sa_flags=0x00000042


---------------  S Y S T E M  ---------------

OS:Bsduname:Darwin 14.0.0 Darwin Kernel Version 14.0.0: Fri Sep 19 00:26:44 PDT 2014; root:xnu-2782.1.97~2/RELEASE_X86_64 x86_64
rlimit: STACK 8192k, CORE 0k, NPROC 709, NOFILE 10240, AS infinity
load average:1.25 1.42 3.08

CPU:total 8 (4 cores per cpu, 2 threads per core) family 6 model 42 stepping 7, cmov, cx8, fxsr, mmx, sse, sse2, sse3, ssse3, sse4.1, sse4.2, popcnt, avx, ht, tsc, tscinvbit

Memory: 4k page, physical 859932k(214983k free)

/proc/meminfo:


vm_info: Java HotSpot(TM) 64-Bit Server VM (23.7-b01) for bsd-amd64 JRE (1.7.0_17-b02), built on Mar  1 2013 06:41:23 by "java_re" with gcc 4.2.1 (Based on Apple Inc. build 5658) (LLVM build 2336.11.00)

time: Tue Nov  4 09:45:47 2014
elapsed time: 7 seconds

